2024-11-23T17:14:03.843+0100 INFO               [main]                         be.pxl.microservices.ConfigServiceApplication - Starting ConfigServiceApplication using Java 22.0.1 with PID 31376 (C:\JavaProjects\School\Project\project-RonEerdekensPXL\backend-java\microservices\config-service\target\classes started by ronee in C:\JavaProjects\School\Project\project-RonEerdekensPXL\backend-java\microservices)
2024-11-23T17:14:03.844+0100 DEBUG              [main]                         be.pxl.microservices.ConfigServiceApplication - Running with Spring Boot v3.3.4, Spring v6.1.13
2024-11-23T17:14:03.845+0100 INFO               [main]                         be.pxl.microservices.ConfigServiceApplication - The following 1 profile is active: "native"
2024-11-23T17:14:05.301+0100 INFO               [main]                         be.pxl.microservices.ConfigServiceApplication - Started ConfigServiceApplication in 1.951 seconds (process running for 4.448)
2024-11-23T17:14:11.791+0100 INFO               [main]                         be.pxl.microservices.DiscoveryServiceApplication - Starting DiscoveryServiceApplication using Java 22.0.1 with PID 30436 (C:\JavaProjects\School\Project\project-RonEerdekensPXL\backend-java\microservices\discovery-service\target\classes started by ronee in C:\JavaProjects\School\Project\project-RonEerdekensPXL\backend-java\microservices)
2024-11-23T17:14:11.792+0100 DEBUG              [main]                         be.pxl.microservices.DiscoveryServiceApplication - Running with Spring Boot v3.3.4, Spring v6.1.13
2024-11-23T17:14:11.792+0100 INFO               [main]                         be.pxl.microservices.DiscoveryServiceApplication - No active profile set, falling back to 1 default profile: "default"
2024-11-23T17:14:14.312+0100 INFO               [main]                         be.pxl.microservices.DiscoveryServiceApplication - Started DiscoveryServiceApplication in 3.388 seconds (process running for 6.047)
2024-11-23T17:14:22.329+0100 INFO               [main]                         be.pxl.microservices.GatewayServiceApplication - Starting GatewayServiceApplication using Java 22.0.1 with PID 32860 (C:\JavaProjects\School\Project\project-RonEerdekensPXL\backend-java\microservices\gateway-service\target\classes started by ronee in C:\JavaProjects\School\Project\project-RonEerdekensPXL\backend-java\microservices)
2024-11-23T17:14:22.330+0100 DEBUG              [main]                         be.pxl.microservices.GatewayServiceApplication - Running with Spring Boot v3.3.4, Spring v6.1.13
2024-11-23T17:14:22.331+0100 INFO               [main]                         be.pxl.microservices.GatewayServiceApplication - No active profile set, falling back to 1 default profile: "default"
2024-11-23T17:14:24.284+0100 INFO               [main]                         be.pxl.microservices.GatewayServiceApplication - Started GatewayServiceApplication in 2.697 seconds (process running for 4.051)
2024-11-23T17:14:30.654+0100 INFO               [main]                         be.pxl.microservices.PostServiceApplication - Starting PostServiceApplication using Java 22.0.1 with PID 33856 (C:\JavaProjects\School\Project\project-RonEerdekensPXL\backend-java\microservices\post-service\target\classes started by ronee in C:\JavaProjects\School\Project\project-RonEerdekensPXL\backend-java\microservices)
2024-11-23T17:14:30.655+0100 DEBUG              [main]                         be.pxl.microservices.PostServiceApplication - Running with Spring Boot v3.3.4, Spring v6.1.13
2024-11-23T17:14:30.656+0100 INFO               [main]                         be.pxl.microservices.PostServiceApplication - No active profile set, falling back to 1 default profile: "default"
2024-11-23T17:14:34.816+0100 INFO               [main]                         be.pxl.microservices.PostServiceApplication - Started PostServiceApplication in 4.95 seconds (process running for 5.515)
2024-11-23T17:17:08.744+0100 INFO               [main]                         be.pxl.microservices.ConfigServiceApplication - Starting ConfigServiceApplication using Java 22.0.1 with PID 19924 (C:\JavaProjects\School\Project\project-RonEerdekensPXL\backend-java\microservices\config-service\target\classes started by ronee in C:\JavaProjects\School\Project\project-RonEerdekensPXL\backend-java\microservices)
2024-11-23T17:17:08.745+0100 DEBUG              [main]                         be.pxl.microservices.ConfigServiceApplication - Running with Spring Boot v3.3.4, Spring v6.1.13
2024-11-23T17:17:08.746+0100 INFO               [main]                         be.pxl.microservices.ConfigServiceApplication - The following 1 profile is active: "native"
2024-11-23T17:17:10.051+0100 INFO               [main]                         be.pxl.microservices.ConfigServiceApplication - Started ConfigServiceApplication in 1.732 seconds (process running for 2.223)
2024-11-23T17:17:14.164+0100 INFO               [main]                         be.pxl.microservices.DiscoveryServiceApplication - Starting DiscoveryServiceApplication using Java 22.0.1 with PID 24652 (C:\JavaProjects\School\Project\project-RonEerdekensPXL\backend-java\microservices\discovery-service\target\classes started by ronee in C:\JavaProjects\School\Project\project-RonEerdekensPXL\backend-java\microservices)
2024-11-23T17:17:14.165+0100 DEBUG              [main]                         be.pxl.microservices.DiscoveryServiceApplication - Running with Spring Boot v3.3.4, Spring v6.1.13
2024-11-23T17:17:14.165+0100 INFO               [main]                         be.pxl.microservices.DiscoveryServiceApplication - No active profile set, falling back to 1 default profile: "default"
2024-11-23T17:17:16.585+0100 INFO               [main]                         be.pxl.microservices.DiscoveryServiceApplication - Started DiscoveryServiceApplication in 3.263 seconds (process running for 3.777)
2024-11-23T17:17:20.214+0100 INFO               [main]                         be.pxl.microservices.GatewayServiceApplication - Starting GatewayServiceApplication using Java 22.0.1 with PID 31824 (C:\JavaProjects\School\Project\project-RonEerdekensPXL\backend-java\microservices\gateway-service\target\classes started by ronee in C:\JavaProjects\School\Project\project-RonEerdekensPXL\backend-java\microservices)
2024-11-23T17:17:20.214+0100 DEBUG              [main]                         be.pxl.microservices.GatewayServiceApplication - Running with Spring Boot v3.3.4, Spring v6.1.13
2024-11-23T17:17:20.215+0100 INFO               [main]                         be.pxl.microservices.GatewayServiceApplication - No active profile set, falling back to 1 default profile: "default"
2024-11-23T17:17:22.060+0100 INFO               [main]                         be.pxl.microservices.GatewayServiceApplication - Started GatewayServiceApplication in 2.644 seconds (process running for 3.155)
2024-11-23T17:17:27.789+0100 INFO               [main]                         be.pxl.microservices.PostServiceApplication - Starting PostServiceApplication using Java 22.0.1 with PID 3788 (C:\JavaProjects\School\Project\project-RonEerdekensPXL\backend-java\microservices\post-service\target\classes started by ronee in C:\JavaProjects\School\Project\project-RonEerdekensPXL\backend-java\microservices)
2024-11-23T17:17:27.790+0100 DEBUG              [main]                         be.pxl.microservices.PostServiceApplication - Running with Spring Boot v3.3.4, Spring v6.1.13
2024-11-23T17:17:27.791+0100 INFO               [main]                         be.pxl.microservices.PostServiceApplication - No active profile set, falling back to 1 default profile: "default"
2024-11-23T17:17:31.220+0100 INFO               [main]                         be.pxl.microservices.PostServiceApplication - Started PostServiceApplication in 4.154 seconds (process running for 4.715)
2024-11-23T17:20:09.793+0100 INFO               [main]                         be.pxl.microservices.PostServiceApplication - Starting PostServiceApplication using Java 22.0.1 with PID 35400 (C:\JavaProjects\School\Project\project-RonEerdekensPXL\backend-java\microservices\post-service\target\classes started by ronee in C:\JavaProjects\School\Project\project-RonEerdekensPXL\backend-java\microservices)
2024-11-23T17:20:09.794+0100 DEBUG              [main]                         be.pxl.microservices.PostServiceApplication - Running with Spring Boot v3.3.4, Spring v6.1.13
2024-11-23T17:20:09.795+0100 INFO               [main]                         be.pxl.microservices.PostServiceApplication - No active profile set, falling back to 1 default profile: "default"
2024-11-23T17:20:13.020+0100 INFO               [main]                         be.pxl.microservices.PostServiceApplication - Started PostServiceApplication in 4.028 seconds (process running for 4.561)
2024-11-23T17:20:15.573+0100 INFO               [http-nio-9090-exec-2]         be.pxl.microservices.api.controller.PostController - Fetching all posts
2024-11-23T17:20:46.550+0100 INFO               [main]                         be.pxl.microservices.ConfigServiceApplication - Starting ConfigServiceApplication using Java 22.0.1 with PID 29712 (C:\JavaProjects\School\Project\project-RonEerdekensPXL\backend-java\microservices\config-service\target\classes started by ronee in C:\JavaProjects\School\Project\project-RonEerdekensPXL\backend-java\microservices)
2024-11-23T17:20:46.551+0100 DEBUG              [main]                         be.pxl.microservices.ConfigServiceApplication - Running with Spring Boot v3.3.4, Spring v6.1.13
2024-11-23T17:20:46.552+0100 INFO               [main]                         be.pxl.microservices.ConfigServiceApplication - The following 1 profile is active: "native"
2024-11-23T17:20:47.928+0100 INFO               [main]                         be.pxl.microservices.ConfigServiceApplication - Started ConfigServiceApplication in 1.844 seconds (process running for 2.312)
2024-11-23T17:20:51.408+0100 INFO               [main]                         be.pxl.microservices.DiscoveryServiceApplication - Starting DiscoveryServiceApplication using Java 22.0.1 with PID 18112 (C:\JavaProjects\School\Project\project-RonEerdekensPXL\backend-java\microservices\discovery-service\target\classes started by ronee in C:\JavaProjects\School\Project\project-RonEerdekensPXL\backend-java\microservices)
2024-11-23T17:20:51.409+0100 DEBUG              [main]                         be.pxl.microservices.DiscoveryServiceApplication - Running with Spring Boot v3.3.4, Spring v6.1.13
2024-11-23T17:20:51.410+0100 INFO               [main]                         be.pxl.microservices.DiscoveryServiceApplication - No active profile set, falling back to 1 default profile: "default"
2024-11-23T17:20:53.714+0100 INFO               [main]                         be.pxl.microservices.DiscoveryServiceApplication - Started DiscoveryServiceApplication in 3.163 seconds (process running for 3.648)
2024-11-23T17:20:56.973+0100 INFO               [main]                         be.pxl.microservices.GatewayServiceApplication - Starting GatewayServiceApplication using Java 22.0.1 with PID 28568 (C:\JavaProjects\School\Project\project-RonEerdekensPXL\backend-java\microservices\gateway-service\target\classes started by ronee in C:\JavaProjects\School\Project\project-RonEerdekensPXL\backend-java\microservices)
2024-11-23T17:20:56.974+0100 DEBUG              [main]                         be.pxl.microservices.GatewayServiceApplication - Running with Spring Boot v3.3.4, Spring v6.1.13
2024-11-23T17:20:56.975+0100 INFO               [main]                         be.pxl.microservices.GatewayServiceApplication - No active profile set, falling back to 1 default profile: "default"
2024-11-23T17:20:58.840+0100 INFO               [main]                         be.pxl.microservices.GatewayServiceApplication - Started GatewayServiceApplication in 2.676 seconds (process running for 3.167)
2024-11-23T17:21:03.776+0100 INFO               [main]                         be.pxl.microservices.PostServiceApplication - Starting PostServiceApplication using Java 22.0.1 with PID 34832 (C:\JavaProjects\School\Project\project-RonEerdekensPXL\backend-java\microservices\post-service\target\classes started by ronee in C:\JavaProjects\School\Project\project-RonEerdekensPXL\backend-java\microservices)
2024-11-23T17:21:03.777+0100 DEBUG              [main]                         be.pxl.microservices.PostServiceApplication - Running with Spring Boot v3.3.4, Spring v6.1.13
2024-11-23T17:21:03.778+0100 INFO               [main]                         be.pxl.microservices.PostServiceApplication - No active profile set, falling back to 1 default profile: "default"
2024-11-23T17:21:07.105+0100 INFO               [main]                         be.pxl.microservices.PostServiceApplication - Started PostServiceApplication in 4.088 seconds (process running for 4.594)
2024-11-23T17:23:15.635+0100 INFO               [main]                         be.pxl.microservices.GatewayServiceApplication - Starting GatewayServiceApplication using Java 22.0.1 with PID 7808 (C:\JavaProjects\School\Project\project-RonEerdekensPXL\backend-java\microservices\gateway-service\target\classes started by ronee in C:\JavaProjects\School\Project\project-RonEerdekensPXL\backend-java\microservices)
2024-11-23T17:23:15.637+0100 DEBUG              [main]                         be.pxl.microservices.GatewayServiceApplication - Running with Spring Boot v3.3.4, Spring v6.1.13
2024-11-23T17:23:15.637+0100 INFO               [main]                         be.pxl.microservices.GatewayServiceApplication - No active profile set, falling back to 1 default profile: "default"
2024-11-23T17:23:17.494+0100 INFO               [main]                         be.pxl.microservices.GatewayServiceApplication - Started GatewayServiceApplication in 2.627 seconds (process running for 3.129)
2024-11-23T17:24:12.932+0100 INFO               [main]                         be.pxl.microservices.ConfigServiceApplication - Starting ConfigServiceApplication using Java 22.0.1 with PID 6200 (C:\JavaProjects\School\Project\project-RonEerdekensPXL\backend-java\microservices\config-service\target\classes started by ronee in C:\JavaProjects\School\Project\project-RonEerdekensPXL\backend-java\microservices)
2024-11-23T17:24:12.933+0100 DEBUG              [main]                         be.pxl.microservices.ConfigServiceApplication - Running with Spring Boot v3.3.4, Spring v6.1.13
2024-11-23T17:24:12.934+0100 INFO               [main]                         be.pxl.microservices.ConfigServiceApplication - The following 1 profile is active: "native"
2024-11-23T17:24:14.175+0100 INFO               [main]                         be.pxl.microservices.ConfigServiceApplication - Started ConfigServiceApplication in 1.679 seconds (process running for 2.126)
2024-11-23T17:24:19.028+0100 INFO               [main]                         be.pxl.microservices.DiscoveryServiceApplication - Starting DiscoveryServiceApplication using Java 22.0.1 with PID 31392 (C:\JavaProjects\School\Project\project-RonEerdekensPXL\backend-java\microservices\discovery-service\target\classes started by ronee in C:\JavaProjects\School\Project\project-RonEerdekensPXL\backend-java\microservices)
2024-11-23T17:24:19.029+0100 DEBUG              [main]                         be.pxl.microservices.DiscoveryServiceApplication - Running with Spring Boot v3.3.4, Spring v6.1.13
2024-11-23T17:24:19.030+0100 INFO               [main]                         be.pxl.microservices.DiscoveryServiceApplication - No active profile set, falling back to 1 default profile: "default"
2024-11-23T17:24:21.418+0100 INFO               [main]                         be.pxl.microservices.DiscoveryServiceApplication - Started DiscoveryServiceApplication in 3.243 seconds (process running for 3.744)
2024-11-23T17:24:24.775+0100 INFO               [main]                         be.pxl.microservices.GatewayServiceApplication - Starting GatewayServiceApplication using Java 22.0.1 with PID 26820 (C:\JavaProjects\School\Project\project-RonEerdekensPXL\backend-java\microservices\gateway-service\target\classes started by ronee in C:\JavaProjects\School\Project\project-RonEerdekensPXL\backend-java\microservices)
2024-11-23T17:24:24.776+0100 DEBUG              [main]                         be.pxl.microservices.GatewayServiceApplication - Running with Spring Boot v3.3.4, Spring v6.1.13
2024-11-23T17:24:24.777+0100 INFO               [main]                         be.pxl.microservices.GatewayServiceApplication - No active profile set, falling back to 1 default profile: "default"
2024-11-23T17:24:26.643+0100 INFO               [main]                         be.pxl.microservices.GatewayServiceApplication - Started GatewayServiceApplication in 2.666 seconds (process running for 3.159)
2024-11-23T17:24:29.938+0100 INFO               [main]                         be.pxl.microservices.PostServiceApplication - Starting PostServiceApplication using Java 22.0.1 with PID 1780 (C:\JavaProjects\School\Project\project-RonEerdekensPXL\backend-java\microservices\post-service\target\classes started by ronee in C:\JavaProjects\School\Project\project-RonEerdekensPXL\backend-java\microservices)
2024-11-23T17:24:29.939+0100 DEBUG              [main]                         be.pxl.microservices.PostServiceApplication - Running with Spring Boot v3.3.4, Spring v6.1.13
2024-11-23T17:24:29.940+0100 INFO               [main]                         be.pxl.microservices.PostServiceApplication - No active profile set, falling back to 1 default profile: "default"
2024-11-23T17:24:33.185+0100 INFO               [main]                         be.pxl.microservices.PostServiceApplication - Started PostServiceApplication in 4.0 seconds (process running for 4.503)
2024-11-23T17:26:06.072+0100 INFO               [main]                         be.pxl.microservices.ConfigServiceApplication - Starting ConfigServiceApplication using Java 22.0.1 with PID 12780 (C:\JavaProjects\School\Project\project-RonEerdekensPXL\backend-java\microservices\config-service\target\classes started by ronee in C:\JavaProjects\School\Project\project-RonEerdekensPXL\backend-java\microservices)
2024-11-23T17:26:06.074+0100 DEBUG              [main]                         be.pxl.microservices.ConfigServiceApplication - Running with Spring Boot v3.3.4, Spring v6.1.13
2024-11-23T17:26:06.074+0100 INFO               [main]                         be.pxl.microservices.ConfigServiceApplication - The following 1 profile is active: "native"
2024-11-23T17:26:07.378+0100 INFO               [main]                         be.pxl.microservices.ConfigServiceApplication - Started ConfigServiceApplication in 1.755 seconds (process running for 2.218)
2024-11-23T17:26:13.397+0100 INFO               [main]                         be.pxl.microservices.DiscoveryServiceApplication - Starting DiscoveryServiceApplication using Java 22.0.1 with PID 28312 (C:\JavaProjects\School\Project\project-RonEerdekensPXL\backend-java\microservices\discovery-service\target\classes started by ronee in C:\JavaProjects\School\Project\project-RonEerdekensPXL\backend-java\microservices)
2024-11-23T17:26:13.398+0100 DEBUG              [main]                         be.pxl.microservices.DiscoveryServiceApplication - Running with Spring Boot v3.3.4, Spring v6.1.13
2024-11-23T17:26:13.399+0100 INFO               [main]                         be.pxl.microservices.DiscoveryServiceApplication - No active profile set, falling back to 1 default profile: "default"
2024-11-23T17:26:15.679+0100 INFO               [main]                         be.pxl.microservices.DiscoveryServiceApplication - Started DiscoveryServiceApplication in 3.165 seconds (process running for 3.643)
2024-11-23T17:26:21.563+0100 INFO               [main]                         be.pxl.microservices.GatewayServiceApplication - Starting GatewayServiceApplication using Java 22.0.1 with PID 8652 (C:\JavaProjects\School\Project\project-RonEerdekensPXL\backend-java\microservices\gateway-service\target\classes started by ronee in C:\JavaProjects\School\Project\project-RonEerdekensPXL\backend-java\microservices)
2024-11-23T17:26:21.565+0100 DEBUG              [main]                         be.pxl.microservices.GatewayServiceApplication - Running with Spring Boot v3.3.4, Spring v6.1.13
2024-11-23T17:26:21.565+0100 INFO               [main]                         be.pxl.microservices.GatewayServiceApplication - No active profile set, falling back to 1 default profile: "default"
2024-11-23T17:26:23.398+0100 INFO               [main]                         be.pxl.microservices.GatewayServiceApplication - Started GatewayServiceApplication in 2.615 seconds (process running for 3.105)
2024-11-23T17:26:26.679+0100 INFO               [main]                         be.pxl.microservices.PostServiceApplication - Starting PostServiceApplication using Java 22.0.1 with PID 27052 (C:\JavaProjects\School\Project\project-RonEerdekensPXL\backend-java\microservices\post-service\target\classes started by ronee in C:\JavaProjects\School\Project\project-RonEerdekensPXL\backend-java\microservices)
2024-11-23T17:26:26.680+0100 DEBUG              [main]                         be.pxl.microservices.PostServiceApplication - Running with Spring Boot v3.3.4, Spring v6.1.13
2024-11-23T17:26:26.680+0100 INFO               [main]                         be.pxl.microservices.PostServiceApplication - No active profile set, falling back to 1 default profile: "default"
2024-11-23T17:26:30.114+0100 INFO               [main]                         be.pxl.microservices.PostServiceApplication - Started PostServiceApplication in 4.157 seconds (process running for 4.659)
2024-11-23T17:27:53.692+0100 INFO               [main]                         be.pxl.microservices.ConfigServiceApplication - Starting ConfigServiceApplication using Java 22.0.1 with PID 17220 (C:\JavaProjects\School\Project\project-RonEerdekensPXL\backend-java\microservices\config-service\target\classes started by ronee in C:\JavaProjects\School\Project\project-RonEerdekensPXL\backend-java\microservices)
2024-11-23T17:27:53.693+0100 DEBUG              [main]                         be.pxl.microservices.ConfigServiceApplication - Running with Spring Boot v3.3.4, Spring v6.1.13
2024-11-23T17:27:53.694+0100 INFO               [main]                         be.pxl.microservices.ConfigServiceApplication - The following 1 profile is active: "native"
2024-11-23T17:27:55.394+0100 INFO               [main]                         be.pxl.microservices.ConfigServiceApplication - Started ConfigServiceApplication in 2.22 seconds (process running for 2.698)
2024-11-23T17:27:59.853+0100 INFO               [main]                         be.pxl.microservices.DiscoveryServiceApplication - Starting DiscoveryServiceApplication using Java 22.0.1 with PID 16076 (C:\JavaProjects\School\Project\project-RonEerdekensPXL\backend-java\microservices\discovery-service\target\classes started by ronee in C:\JavaProjects\School\Project\project-RonEerdekensPXL\backend-java\microservices)
2024-11-23T17:27:59.854+0100 DEBUG              [main]                         be.pxl.microservices.DiscoveryServiceApplication - Running with Spring Boot v3.3.4, Spring v6.1.13
2024-11-23T17:27:59.855+0100 INFO               [main]                         be.pxl.microservices.DiscoveryServiceApplication - No active profile set, falling back to 1 default profile: "default"
2024-11-23T17:28:02.412+0100 INFO               [main]                         be.pxl.microservices.DiscoveryServiceApplication - Started DiscoveryServiceApplication in 3.507 seconds (process running for 4.015)
2024-11-23T17:28:09.296+0100 INFO               [main]                         be.pxl.microservices.GatewayServiceApplication - Starting GatewayServiceApplication using Java 22.0.1 with PID 20988 (C:\JavaProjects\School\Project\project-RonEerdekensPXL\backend-java\microservices\gateway-service\target\classes started by ronee in C:\JavaProjects\School\Project\project-RonEerdekensPXL\backend-java\microservices)
2024-11-23T17:28:09.297+0100 DEBUG              [main]                         be.pxl.microservices.GatewayServiceApplication - Running with Spring Boot v3.3.4, Spring v6.1.13
2024-11-23T17:28:09.297+0100 INFO               [main]                         be.pxl.microservices.GatewayServiceApplication - No active profile set, falling back to 1 default profile: "default"
2024-11-23T17:28:11.519+0100 INFO               [main]                         be.pxl.microservices.GatewayServiceApplication - Started GatewayServiceApplication in 3.161 seconds (process running for 3.758)
2024-11-23T17:28:14.337+0100 INFO               [main]                         be.pxl.microservices.PostServiceApplication - Starting PostServiceApplication using Java 22.0.1 with PID 10832 (C:\JavaProjects\School\Project\project-RonEerdekensPXL\backend-java\microservices\post-service\target\classes started by ronee in C:\JavaProjects\School\Project\project-RonEerdekensPXL\backend-java\microservices)
2024-11-23T17:28:14.338+0100 DEBUG              [main]                         be.pxl.microservices.PostServiceApplication - Running with Spring Boot v3.3.4, Spring v6.1.13
2024-11-23T17:28:14.339+0100 INFO               [main]                         be.pxl.microservices.PostServiceApplication - No active profile set, falling back to 1 default profile: "default"
2024-11-23T17:28:18.211+0100 INFO               [main]                         be.pxl.microservices.PostServiceApplication - Started PostServiceApplication in 4.62 seconds (process running for 5.162)
2024-11-23T17:29:29.772+0100 INFO               [main]                         be.pxl.microservices.ConfigServiceApplication - Starting ConfigServiceApplication using Java 22.0.1 with PID 36216 (C:\JavaProjects\School\Project\project-RonEerdekensPXL\backend-java\microservices\config-service\target\classes started by ronee in C:\JavaProjects\School\Project\project-RonEerdekensPXL\backend-java\microservices)
2024-11-23T17:29:29.773+0100 DEBUG              [main]                         be.pxl.microservices.ConfigServiceApplication - Running with Spring Boot v3.3.4, Spring v6.1.13
2024-11-23T17:29:29.774+0100 INFO               [main]                         be.pxl.microservices.ConfigServiceApplication - The following 1 profile is active: "native"
2024-11-23T17:29:31.088+0100 INFO               [main]                         be.pxl.microservices.ConfigServiceApplication - Started ConfigServiceApplication in 1.788 seconds (process running for 2.279)
2024-11-23T17:29:37.507+0100 INFO               [main]                         be.pxl.microservices.DiscoveryServiceApplication - Starting DiscoveryServiceApplication using Java 22.0.1 with PID 33000 (C:\JavaProjects\School\Project\project-RonEerdekensPXL\backend-java\microservices\discovery-service\target\classes started by ronee in C:\JavaProjects\School\Project\project-RonEerdekensPXL\backend-java\microservices)
2024-11-23T17:29:37.508+0100 DEBUG              [main]                         be.pxl.microservices.DiscoveryServiceApplication - Running with Spring Boot v3.3.4, Spring v6.1.13
2024-11-23T17:29:37.509+0100 INFO               [main]                         be.pxl.microservices.DiscoveryServiceApplication - No active profile set, falling back to 1 default profile: "default"
2024-11-23T17:29:39.951+0100 INFO               [main]                         be.pxl.microservices.DiscoveryServiceApplication - Started DiscoveryServiceApplication in 3.347 seconds (process running for 3.903)
2024-11-23T17:29:45.315+0100 INFO               [main]                         be.pxl.microservices.PostServiceApplication - Starting PostServiceApplication using Java 22.0.1 with PID 21188 (C:\JavaProjects\School\Project\project-RonEerdekensPXL\backend-java\microservices\post-service\target\classes started by ronee in C:\JavaProjects\School\Project\project-RonEerdekensPXL\backend-java\microservices)
2024-11-23T17:29:45.317+0100 DEBUG              [main]                         be.pxl.microservices.PostServiceApplication - Running with Spring Boot v3.3.4, Spring v6.1.13
2024-11-23T17:29:45.318+0100 INFO               [main]                         be.pxl.microservices.PostServiceApplication - No active profile set, falling back to 1 default profile: "default"
2024-11-23T17:29:48.681+0100 INFO               [main]                         be.pxl.microservices.PostServiceApplication - Started PostServiceApplication in 4.103 seconds (process running for 4.586)
2024-11-23T17:29:51.573+0100 INFO               [main]                         be.pxl.microservices.GatewayServiceApplication - Starting GatewayServiceApplication using Java 22.0.1 with PID 30632 (C:\JavaProjects\School\Project\project-RonEerdekensPXL\backend-java\microservices\gateway-service\target\classes started by ronee in C:\JavaProjects\School\Project\project-RonEerdekensPXL\backend-java\microservices)
2024-11-23T17:29:51.574+0100 DEBUG              [main]                         be.pxl.microservices.GatewayServiceApplication - Running with Spring Boot v3.3.4, Spring v6.1.13
2024-11-23T17:29:51.575+0100 INFO               [main]                         be.pxl.microservices.GatewayServiceApplication - No active profile set, falling back to 1 default profile: "default"
2024-11-23T17:29:53.383+0100 INFO               [main]                         be.pxl.microservices.GatewayServiceApplication - Started GatewayServiceApplication in 2.593 seconds (process running for 3.073)
2024-11-23T17:34:16.920+0100 INFO               [main]                         be.pxl.microservices.ConfigServiceApplication - Starting ConfigServiceApplication using Java 22.0.1 with PID 8992 (C:\JavaProjects\School\Project\project-RonEerdekensPXL\backend-java\microservices\config-service\target\classes started by ronee in C:\JavaProjects\School\Project\project-RonEerdekensPXL\backend-java\microservices)
2024-11-23T17:34:16.921+0100 DEBUG              [main]                         be.pxl.microservices.ConfigServiceApplication - Running with Spring Boot v3.3.4, Spring v6.1.13
2024-11-23T17:34:16.922+0100 INFO               [main]                         be.pxl.microservices.ConfigServiceApplication - The following 1 profile is active: "native"
2024-11-23T17:34:18.247+0100 INFO               [main]                         be.pxl.microservices.ConfigServiceApplication - Started ConfigServiceApplication in 1.771 seconds (process running for 2.231)
2024-11-23T17:34:22.412+0100 INFO               [main]                         be.pxl.microservices.DiscoveryServiceApplication - Starting DiscoveryServiceApplication using Java 22.0.1 with PID 29804 (C:\JavaProjects\School\Project\project-RonEerdekensPXL\backend-java\microservices\discovery-service\target\classes started by ronee in C:\JavaProjects\School\Project\project-RonEerdekensPXL\backend-java\microservices)
2024-11-23T17:34:22.413+0100 DEBUG              [main]                         be.pxl.microservices.DiscoveryServiceApplication - Running with Spring Boot v3.3.4, Spring v6.1.13
2024-11-23T17:34:22.413+0100 INFO               [main]                         be.pxl.microservices.DiscoveryServiceApplication - No active profile set, falling back to 1 default profile: "default"
2024-11-23T17:34:24.728+0100 INFO               [main]                         be.pxl.microservices.DiscoveryServiceApplication - Started DiscoveryServiceApplication in 3.171 seconds (process running for 3.669)
2024-11-23T17:34:31.805+0100 INFO               [main]                         be.pxl.microservices.GatewayServiceApplication - Starting GatewayServiceApplication using Java 22.0.1 with PID 25544 (C:\JavaProjects\School\Project\project-RonEerdekensPXL\backend-java\microservices\gateway-service\target\classes started by ronee in C:\JavaProjects\School\Project\project-RonEerdekensPXL\backend-java\microservices)
2024-11-23T17:34:31.806+0100 DEBUG              [main]                         be.pxl.microservices.GatewayServiceApplication - Running with Spring Boot v3.3.4, Spring v6.1.13
2024-11-23T17:34:31.806+0100 INFO               [main]                         be.pxl.microservices.GatewayServiceApplication - No active profile set, falling back to 1 default profile: "default"
2024-11-23T17:34:34.146+0100 INFO               [main]                         be.pxl.microservices.GatewayServiceApplication - Started GatewayServiceApplication in 3.156 seconds (process running for 3.646)
2024-11-23T17:34:34.378+0100 INFO               [main]                         be.pxl.microservices.PostServiceApplication - Starting PostServiceApplication using Java 22.0.1 with PID 10964 (C:\JavaProjects\School\Project\project-RonEerdekensPXL\backend-java\microservices\post-service\target\classes started by ronee in C:\JavaProjects\School\Project\project-RonEerdekensPXL\backend-java\microservices)
2024-11-23T17:34:34.379+0100 DEBUG              [main]                         be.pxl.microservices.PostServiceApplication - Running with Spring Boot v3.3.4, Spring v6.1.13
2024-11-23T17:34:34.379+0100 INFO               [main]                         be.pxl.microservices.PostServiceApplication - No active profile set, falling back to 1 default profile: "default"
2024-11-23T17:34:36.815+0100 INFO               [main]                         be.pxl.microservices.CommentServiceApplication - Starting CommentServiceApplication using Java 22.0.1 with PID 19540 (C:\JavaProjects\School\Project\project-RonEerdekensPXL\backend-java\microservices\comment-service\target\classes started by ronee in C:\JavaProjects\School\Project\project-RonEerdekensPXL\backend-java\microservices)
2024-11-23T17:34:36.816+0100 DEBUG              [main]                         be.pxl.microservices.CommentServiceApplication - Running with Spring Boot v3.3.4, Spring v6.1.13
2024-11-23T17:34:36.817+0100 INFO               [main]                         be.pxl.microservices.CommentServiceApplication - No active profile set, falling back to 1 default profile: "default"
2024-11-23T17:34:39.040+0100 INFO               [main]                         be.pxl.microservices.PostServiceApplication - Started PostServiceApplication in 5.522 seconds (process running for 6.09)
2024-11-23T17:34:41.079+0100 INFO               [main]                         be.pxl.microservices.CommentServiceApplication - Started CommentServiceApplication in 5.117 seconds (process running for 5.732)
2024-11-23T17:34:41.543+0100 INFO               [main]                         be.pxl.microservices.ReviewServiceApplication - Starting ReviewServiceApplication using Java 22.0.1 with PID 27736 (C:\JavaProjects\School\Project\project-RonEerdekensPXL\backend-java\microservices\review-service\target\classes started by ronee in C:\JavaProjects\School\Project\project-RonEerdekensPXL\backend-java\microservices)
2024-11-23T17:34:41.544+0100 DEBUG              [main]                         be.pxl.microservices.ReviewServiceApplication - Running with Spring Boot v3.3.4, Spring v6.1.13
2024-11-23T17:34:41.545+0100 INFO               [main]                         be.pxl.microservices.ReviewServiceApplication - No active profile set, falling back to 1 default profile: "default"
2024-11-23T17:34:44.857+0100 INFO               [main]                         be.pxl.microservices.ReviewServiceApplication - Started ReviewServiceApplication in 4.116 seconds (process running for 4.697)
2024-11-23T17:36:19.646+0100 INFO               [main]                         be.pxl.microservices.GatewayServiceApplication - Starting GatewayServiceApplication using Java 22.0.1 with PID 14112 (C:\JavaProjects\School\Project\project-RonEerdekensPXL\backend-java\microservices\gateway-service\target\classes started by ronee in C:\JavaProjects\School\Project\project-RonEerdekensPXL\backend-java\microservices)
2024-11-23T17:36:19.647+0100 DEBUG              [main]                         be.pxl.microservices.GatewayServiceApplication - Running with Spring Boot v3.3.4, Spring v6.1.13
2024-11-23T17:36:19.648+0100 INFO               [main]                         be.pxl.microservices.GatewayServiceApplication - No active profile set, falling back to 1 default profile: "default"
2024-11-23T17:36:21.483+0100 INFO               [main]                         be.pxl.microservices.GatewayServiceApplication - Started GatewayServiceApplication in 2.583 seconds (process running for 3.064)
2024-11-23T17:36:59.118+0100 INFO               [http-nio-9090-exec-5]         be.pxl.microservices.api.controller.PostController - Fetching all posts
2024-11-23T17:39:39.290+0100 INFO               [main]                         be.pxl.microservices.ConfigServiceApplication - Starting ConfigServiceApplication using Java 22.0.1 with PID 8524 (C:\JavaProjects\School\Project\project-RonEerdekensPXL\backend-java\microservices\config-service\target\classes started by ronee in C:\JavaProjects\School\Project\project-RonEerdekensPXL\backend-java\microservices)
2024-11-23T17:39:39.292+0100 DEBUG              [main]                         be.pxl.microservices.ConfigServiceApplication - Running with Spring Boot v3.3.4, Spring v6.1.13
2024-11-23T17:39:39.292+0100 INFO               [main]                         be.pxl.microservices.ConfigServiceApplication - The following 1 profile is active: "native"
2024-11-23T17:39:40.632+0100 INFO               [main]                         be.pxl.microservices.ConfigServiceApplication - Started ConfigServiceApplication in 1.819 seconds (process running for 2.283)
2024-11-23T17:39:46.382+0100 INFO               [main]                         be.pxl.microservices.DiscoveryServiceApplication - Starting DiscoveryServiceApplication using Java 22.0.1 with PID 33872 (C:\JavaProjects\School\Project\project-RonEerdekensPXL\backend-java\microservices\discovery-service\target\classes started by ronee in C:\JavaProjects\School\Project\project-RonEerdekensPXL\backend-java\microservices)
2024-11-23T17:39:46.383+0100 DEBUG              [main]                         be.pxl.microservices.DiscoveryServiceApplication - Running with Spring Boot v3.3.4, Spring v6.1.13
2024-11-23T17:39:46.384+0100 INFO               [main]                         be.pxl.microservices.DiscoveryServiceApplication - No active profile set, falling back to 1 default profile: "default"
2024-11-23T17:39:48.750+0100 INFO               [main]                         be.pxl.microservices.DiscoveryServiceApplication - Started DiscoveryServiceApplication in 3.243 seconds (process running for 4.055)
2024-11-23T17:39:55.259+0100 INFO               [main]                         be.pxl.microservices.GatewayServiceApplication - Starting GatewayServiceApplication using Java 22.0.1 with PID 33804 (C:\JavaProjects\School\Project\project-RonEerdekensPXL\backend-java\microservices\gateway-service\target\classes started by ronee in C:\JavaProjects\School\Project\project-RonEerdekensPXL\backend-java\microservices)
2024-11-23T17:39:55.260+0100 DEBUG              [main]                         be.pxl.microservices.GatewayServiceApplication - Running with Spring Boot v3.3.4, Spring v6.1.13
2024-11-23T17:39:55.261+0100 INFO               [main]                         be.pxl.microservices.GatewayServiceApplication - No active profile set, falling back to 1 default profile: "default"
2024-11-23T17:39:57.096+0100 INFO               [main]                         be.pxl.microservices.GatewayServiceApplication - Started GatewayServiceApplication in 2.606 seconds (process running for 3.116)
2024-11-23T17:39:59.022+0100 INFO               [main]                         be.pxl.microservices.PostServiceApplication - Starting PostServiceApplication using Java 22.0.1 with PID 14388 (C:\JavaProjects\School\Project\project-RonEerdekensPXL\backend-java\microservices\post-service\target\classes started by ronee in C:\JavaProjects\School\Project\project-RonEerdekensPXL\backend-java\microservices)
2024-11-23T17:39:59.023+0100 DEBUG              [main]                         be.pxl.microservices.PostServiceApplication - Running with Spring Boot v3.3.4, Spring v6.1.13
2024-11-23T17:39:59.024+0100 INFO               [main]                         be.pxl.microservices.PostServiceApplication - No active profile set, falling back to 1 default profile: "default"
2024-11-23T17:40:02.437+0100 INFO               [main]                         be.pxl.microservices.PostServiceApplication - Started PostServiceApplication in 4.177 seconds (process running for 4.717)
2024-11-23T17:42:08.629+0100 INFO               [main]                         be.pxl.microservices.GatewayServiceApplication - Starting GatewayServiceApplication using Java 22.0.1 with PID 33636 (C:\JavaProjects\School\Project\project-RonEerdekensPXL\backend-java\microservices\gateway-service\target\classes started by ronee in C:\JavaProjects\School\Project\project-RonEerdekensPXL\backend-java\microservices)
2024-11-23T17:42:08.630+0100 DEBUG              [main]                         be.pxl.microservices.GatewayServiceApplication - Running with Spring Boot v3.3.4, Spring v6.1.13
2024-11-23T17:42:08.630+0100 INFO               [main]                         be.pxl.microservices.GatewayServiceApplication - No active profile set, falling back to 1 default profile: "default"
2024-11-23T17:42:10.413+0100 INFO               [main]                         be.pxl.microservices.GatewayServiceApplication - Started GatewayServiceApplication in 2.574 seconds (process running for 3.056)
2024-11-23T17:44:15.570+0100 INFO               [main]                         be.pxl.microservices.ConfigServiceApplication - Starting ConfigServiceApplication using Java 22.0.1 with PID 35056 (C:\JavaProjects\School\Project\project-RonEerdekensPXL\backend-java\microservices\config-service\target\classes started by ronee in C:\JavaProjects\School\Project\project-RonEerdekensPXL\backend-java\microservices)
2024-11-23T17:44:15.571+0100 DEBUG              [main]                         be.pxl.microservices.ConfigServiceApplication - Running with Spring Boot v3.3.4, Spring v6.1.13
2024-11-23T17:44:15.571+0100 INFO               [main]                         be.pxl.microservices.ConfigServiceApplication - The following 1 profile is active: "native"
2024-11-23T17:44:16.865+0100 INFO               [main]                         be.pxl.microservices.ConfigServiceApplication - Started ConfigServiceApplication in 1.743 seconds (process running for 2.219)
2024-11-23T17:44:21.505+0100 INFO               [main]                         be.pxl.microservices.DiscoveryServiceApplication - Starting DiscoveryServiceApplication using Java 22.0.1 with PID 2756 (C:\JavaProjects\School\Project\project-RonEerdekensPXL\backend-java\microservices\discovery-service\target\classes started by ronee in C:\JavaProjects\School\Project\project-RonEerdekensPXL\backend-java\microservices)
2024-11-23T17:44:21.506+0100 DEBUG              [main]                         be.pxl.microservices.DiscoveryServiceApplication - Running with Spring Boot v3.3.4, Spring v6.1.13
2024-11-23T17:44:21.507+0100 INFO               [main]                         be.pxl.microservices.DiscoveryServiceApplication - No active profile set, falling back to 1 default profile: "default"
2024-11-23T17:44:23.847+0100 INFO               [main]                         be.pxl.microservices.DiscoveryServiceApplication - Started DiscoveryServiceApplication in 3.223 seconds (process running for 3.712)
2024-11-23T17:44:27.028+0100 INFO               [main]                         be.pxl.microservices.GatewayServiceApplication - Starting GatewayServiceApplication using Java 22.0.1 with PID 14952 (C:\JavaProjects\School\Project\project-RonEerdekensPXL\backend-java\microservices\gateway-service\target\classes started by ronee in C:\JavaProjects\School\Project\project-RonEerdekensPXL\backend-java\microservices)
2024-11-23T17:44:27.029+0100 DEBUG              [main]                         be.pxl.microservices.GatewayServiceApplication - Running with Spring Boot v3.3.4, Spring v6.1.13
2024-11-23T17:44:27.030+0100 INFO               [main]                         be.pxl.microservices.GatewayServiceApplication - No active profile set, falling back to 1 default profile: "default"
2024-11-23T17:44:28.879+0100 INFO               [main]                         be.pxl.microservices.GatewayServiceApplication - Started GatewayServiceApplication in 2.659 seconds (process running for 3.138)
2024-11-23T17:44:34.328+0100 INFO               [main]                         be.pxl.microservices.PostServiceApplication - Starting PostServiceApplication using Java 22.0.1 with PID 16836 (C:\JavaProjects\School\Project\project-RonEerdekensPXL\backend-java\microservices\post-service\target\classes started by ronee in C:\JavaProjects\School\Project\project-RonEerdekensPXL\backend-java\microservices)
2024-11-23T17:44:34.329+0100 DEBUG              [main]                         be.pxl.microservices.PostServiceApplication - Running with Spring Boot v3.3.4, Spring v6.1.13
2024-11-23T17:44:34.330+0100 INFO               [main]                         be.pxl.microservices.PostServiceApplication - No active profile set, falling back to 1 default profile: "default"
2024-11-23T17:44:37.607+0100 INFO               [main]                         be.pxl.microservices.PostServiceApplication - Started PostServiceApplication in 4.0 seconds (process running for 4.493)
2024-11-23T17:46:32.693+0100 INFO               [http-nio-9090-exec-2]         be.pxl.microservices.api.controller.PostController - Fetching all posts
2024-11-23T17:47:27.892+0100 INFO               [http-nio-9090-exec-5]         be.pxl.microservices.api.controller.PostController - Creating new post with title: test
2024-11-23T17:47:41.888+0100 INFO               [http-nio-9090-exec-6]         be.pxl.microservices.api.controller.PostController - Fetching all posts
2024-11-23T17:49:38.717+0100 INFO               [main]                         be.pxl.microservices.ConfigServiceApplication - Starting ConfigServiceApplication using Java 22.0.1 with PID 14104 (C:\JavaProjects\School\Project\project-RonEerdekensPXL\backend-java\microservices\config-service\target\classes started by ronee in C:\JavaProjects\School\Project\project-RonEerdekensPXL\backend-java\microservices)
2024-11-23T17:49:38.718+0100 DEBUG              [main]                         be.pxl.microservices.ConfigServiceApplication - Running with Spring Boot v3.3.4, Spring v6.1.13
2024-11-23T17:49:38.719+0100 INFO               [main]                         be.pxl.microservices.ConfigServiceApplication - The following 1 profile is active: "native"
2024-11-23T17:49:40.003+0100 INFO               [main]                         be.pxl.microservices.ConfigServiceApplication - Started ConfigServiceApplication in 1.744 seconds (process running for 2.235)
2024-11-23T17:49:42.830+0100 INFO               [main]                         be.pxl.microservices.DiscoveryServiceApplication - Starting DiscoveryServiceApplication using Java 22.0.1 with PID 13028 (C:\JavaProjects\School\Project\project-RonEerdekensPXL\backend-java\microservices\discovery-service\target\classes started by ronee in C:\JavaProjects\School\Project\project-RonEerdekensPXL\backend-java\microservices)
2024-11-23T17:49:42.832+0100 DEBUG              [main]                         be.pxl.microservices.DiscoveryServiceApplication - Running with Spring Boot v3.3.4, Spring v6.1.13
2024-11-23T17:49:42.832+0100 INFO               [main]                         be.pxl.microservices.DiscoveryServiceApplication - No active profile set, falling back to 1 default profile: "default"
2024-11-23T17:49:45.192+0100 INFO               [main]                         be.pxl.microservices.DiscoveryServiceApplication - Started DiscoveryServiceApplication in 3.3 seconds (process running for 3.84)
2024-11-23T17:49:48.879+0100 INFO               [main]                         be.pxl.microservices.GatewayServiceApplication - Starting GatewayServiceApplication using Java 22.0.1 with PID 20168 (C:\JavaProjects\School\Project\project-RonEerdekensPXL\backend-java\microservices\gateway-service\target\classes started by ronee in C:\JavaProjects\School\Project\project-RonEerdekensPXL\backend-java\microservices)
2024-11-23T17:49:48.880+0100 DEBUG              [main]                         be.pxl.microservices.GatewayServiceApplication - Running with Spring Boot v3.3.4, Spring v6.1.13
2024-11-23T17:49:48.881+0100 INFO               [main]                         be.pxl.microservices.GatewayServiceApplication - No active profile set, falling back to 1 default profile: "default"
2024-11-23T17:49:50.688+0100 INFO               [main]                         be.pxl.microservices.GatewayServiceApplication - Started GatewayServiceApplication in 2.632 seconds (process running for 3.139)
2024-11-23T17:49:57.240+0100 INFO               [main]                         be.pxl.microservices.PostServiceApplication - Starting PostServiceApplication using Java 22.0.1 with PID 27684 (C:\JavaProjects\School\Project\project-RonEerdekensPXL\backend-java\microservices\post-service\target\classes started by ronee in C:\JavaProjects\School\Project\project-RonEerdekensPXL\backend-java\microservices)
2024-11-23T17:49:57.241+0100 DEBUG              [main]                         be.pxl.microservices.PostServiceApplication - Running with Spring Boot v3.3.4, Spring v6.1.13
2024-11-23T17:49:57.242+0100 INFO               [main]                         be.pxl.microservices.PostServiceApplication - No active profile set, falling back to 1 default profile: "default"
2024-11-23T17:50:00.882+0100 INFO               [main]                         be.pxl.microservices.PostServiceApplication - Started PostServiceApplication in 4.389 seconds (process running for 4.878)
2024-11-23T17:50:06.973+0100 INFO               [http-nio-9090-exec-2]         be.pxl.microservices.api.controller.PostController - Creating new post with title: test
2024-11-23T17:50:13.049+0100 INFO               [http-nio-9090-exec-3]         be.pxl.microservices.api.controller.PostController - Fetching all posts
2024-11-23T18:03:41.469+0100 INFO               [main]                         be.pxl.microservices.ConfigServiceApplication - Starting ConfigServiceApplication using Java 22.0.1 with PID 35180 (C:\JavaProjects\School\Project\project-RonEerdekensPXL\backend-java\microservices\config-service\target\classes started by ronee in C:\JavaProjects\School\Project\project-RonEerdekensPXL\backend-java\microservices)
2024-11-23T18:03:41.471+0100 DEBUG              [main]                         be.pxl.microservices.ConfigServiceApplication - Running with Spring Boot v3.3.4, Spring v6.1.13
2024-11-23T18:03:41.471+0100 INFO               [main]                         be.pxl.microservices.ConfigServiceApplication - The following 1 profile is active: "native"
2024-11-23T18:03:42.781+0100 INFO               [main]                         be.pxl.microservices.ConfigServiceApplication - Started ConfigServiceApplication in 1.745 seconds (process running for 2.206)
2024-11-23T18:03:56.556+0100 INFO               [main]                         be.pxl.microservices.DiscoveryServiceApplication - Starting DiscoveryServiceApplication using Java 22.0.1 with PID 17416 (C:\JavaProjects\School\Project\project-RonEerdekensPXL\backend-java\microservices\discovery-service\target\classes started by ronee in C:\JavaProjects\School\Project\project-RonEerdekensPXL\backend-java\microservices)
2024-11-23T18:03:56.557+0100 DEBUG              [main]                         be.pxl.microservices.DiscoveryServiceApplication - Running with Spring Boot v3.3.4, Spring v6.1.13
2024-11-23T18:03:56.558+0100 INFO               [main]                         be.pxl.microservices.DiscoveryServiceApplication - No active profile set, falling back to 1 default profile: "default"
2024-11-23T18:03:59.058+0100 INFO               [main]                         be.pxl.microservices.DiscoveryServiceApplication - Started DiscoveryServiceApplication in 3.383 seconds (process running for 3.875)
2024-11-23T18:04:09.458+0100 INFO               [main]                         be.pxl.microservices.GatewayServiceApplication - Starting GatewayServiceApplication using Java 22.0.1 with PID 4808 (C:\JavaProjects\School\Project\project-RonEerdekensPXL\backend-java\microservices\gateway-service\target\classes started by ronee in C:\JavaProjects\School\Project\project-RonEerdekensPXL\backend-java\microservices)
2024-11-23T18:04:09.460+0100 DEBUG              [main]                         be.pxl.microservices.GatewayServiceApplication - Running with Spring Boot v3.3.4, Spring v6.1.13
2024-11-23T18:04:09.460+0100 INFO               [main]                         be.pxl.microservices.GatewayServiceApplication - No active profile set, falling back to 1 default profile: "default"
2024-11-23T18:04:11.404+0100 INFO               [main]                         be.pxl.microservices.GatewayServiceApplication - Started GatewayServiceApplication in 2.791 seconds (process running for 3.278)
2024-11-23T18:04:21.928+0100 INFO               [main]                         be.pxl.microservices.PostServiceApplication - Starting PostServiceApplication using Java 22.0.1 with PID 20260 (C:\JavaProjects\School\Project\project-RonEerdekensPXL\backend-java\microservices\post-service\target\classes started by ronee in C:\JavaProjects\School\Project\project-RonEerdekensPXL\backend-java\microservices)
2024-11-23T18:04:21.929+0100 DEBUG              [main]                         be.pxl.microservices.PostServiceApplication - Running with Spring Boot v3.3.4, Spring v6.1.13
2024-11-23T18:04:21.930+0100 INFO               [main]                         be.pxl.microservices.PostServiceApplication - No active profile set, falling back to 1 default profile: "default"
2024-11-23T18:04:25.352+0100 INFO               [main]                         be.pxl.microservices.PostServiceApplication - Started PostServiceApplication in 4.232 seconds (process running for 4.723)
2024-11-23T18:07:28.147+0100 INFO               [main]                         be.pxl.microservices.ConfigServiceApplication - Starting ConfigServiceApplication using Java 22.0.1 with PID 36468 (C:\JavaProjects\School\Project\project-RonEerdekensPXL\backend-java\microservices\config-service\target\classes started by ronee in C:\JavaProjects\School\Project\project-RonEerdekensPXL\backend-java\microservices)
2024-11-23T18:07:28.148+0100 DEBUG              [main]                         be.pxl.microservices.ConfigServiceApplication - Running with Spring Boot v3.3.4, Spring v6.1.13
2024-11-23T18:07:28.148+0100 INFO               [main]                         be.pxl.microservices.ConfigServiceApplication - The following 1 profile is active: "native"
2024-11-23T18:07:29.438+0100 INFO               [main]                         be.pxl.microservices.ConfigServiceApplication - Started ConfigServiceApplication in 1.755 seconds (process running for 2.222)
2024-11-23T18:07:33.439+0100 INFO               [main]                         be.pxl.microservices.DiscoveryServiceApplication - Starting DiscoveryServiceApplication using Java 22.0.1 with PID 9932 (C:\JavaProjects\School\Project\project-RonEerdekensPXL\backend-java\microservices\discovery-service\target\classes started by ronee in C:\JavaProjects\School\Project\project-RonEerdekensPXL\backend-java\microservices)
2024-11-23T18:07:33.440+0100 DEBUG              [main]                         be.pxl.microservices.DiscoveryServiceApplication - Running with Spring Boot v3.3.4, Spring v6.1.13
2024-11-23T18:07:33.441+0100 INFO               [main]                         be.pxl.microservices.DiscoveryServiceApplication - No active profile set, falling back to 1 default profile: "default"
2024-11-23T18:07:35.948+0100 INFO               [main]                         be.pxl.microservices.DiscoveryServiceApplication - Started DiscoveryServiceApplication in 3.379 seconds (process running for 3.872)
2024-11-23T18:07:41.011+0100 INFO               [main]                         be.pxl.microservices.GatewayServiceApplication - Starting GatewayServiceApplication using Java 22.0.1 with PID 35196 (C:\JavaProjects\School\Project\project-RonEerdekensPXL\backend-java\microservices\gateway-service\target\classes started by ronee in C:\JavaProjects\School\Project\project-RonEerdekensPXL\backend-java\microservices)
2024-11-23T18:07:41.012+0100 DEBUG              [main]                         be.pxl.microservices.GatewayServiceApplication - Running with Spring Boot v3.3.4, Spring v6.1.13
2024-11-23T18:07:41.013+0100 INFO               [main]                         be.pxl.microservices.GatewayServiceApplication - No active profile set, falling back to 1 default profile: "default"
2024-11-23T18:07:43.001+0100 INFO               [main]                         be.pxl.microservices.GatewayServiceApplication - Started GatewayServiceApplication in 2.798 seconds (process running for 3.298)
2024-11-23T18:07:52.933+0100 INFO               [main]                         be.pxl.microservices.PostServiceApplication - Starting PostServiceApplication using Java 22.0.1 with PID 21688 (C:\JavaProjects\School\Project\project-RonEerdekensPXL\backend-java\microservices\post-service\target\classes started by ronee in C:\JavaProjects\School\Project\project-RonEerdekensPXL\backend-java\microservices)
2024-11-23T18:07:52.934+0100 DEBUG              [main]                         be.pxl.microservices.PostServiceApplication - Running with Spring Boot v3.3.4, Spring v6.1.13
2024-11-23T18:07:52.935+0100 INFO               [main]                         be.pxl.microservices.PostServiceApplication - No active profile set, falling back to 1 default profile: "default"
2024-11-23T18:07:56.328+0100 INFO               [main]                         be.pxl.microservices.PostServiceApplication - Started PostServiceApplication in 4.195 seconds (process running for 4.697)
2024-11-23T18:08:46.338+0100 INFO               [main]                         be.pxl.microservices.ConfigServiceApplication - Starting ConfigServiceApplication using Java 22.0.1 with PID 32232 (C:\JavaProjects\School\Project\project-RonEerdekensPXL\backend-java\microservices\config-service\target\classes started by ronee in C:\JavaProjects\School\Project\project-RonEerdekensPXL\backend-java\microservices)
2024-11-23T18:08:46.339+0100 DEBUG              [main]                         be.pxl.microservices.ConfigServiceApplication - Running with Spring Boot v3.3.4, Spring v6.1.13
2024-11-23T18:08:46.340+0100 INFO               [main]                         be.pxl.microservices.ConfigServiceApplication - The following 1 profile is active: "native"
2024-11-23T18:08:47.638+0100 INFO               [main]                         be.pxl.microservices.ConfigServiceApplication - Started ConfigServiceApplication in 1.747 seconds (process running for 2.192)
2024-11-23T18:08:51.619+0100 INFO               [main]                         be.pxl.microservices.DiscoveryServiceApplication - Starting DiscoveryServiceApplication using Java 22.0.1 with PID 25736 (C:\JavaProjects\School\Project\project-RonEerdekensPXL\backend-java\microservices\discovery-service\target\classes started by ronee in C:\JavaProjects\School\Project\project-RonEerdekensPXL\backend-java\microservices)
2024-11-23T18:08:51.620+0100 DEBUG              [main]                         be.pxl.microservices.DiscoveryServiceApplication - Running with Spring Boot v3.3.4, Spring v6.1.13
2024-11-23T18:08:51.620+0100 INFO               [main]                         be.pxl.microservices.DiscoveryServiceApplication - No active profile set, falling back to 1 default profile: "default"
2024-11-23T18:08:53.926+0100 INFO               [main]                         be.pxl.microservices.DiscoveryServiceApplication - Started DiscoveryServiceApplication in 3.212 seconds (process running for 3.692)
2024-11-23T18:08:57.211+0100 INFO               [main]                         be.pxl.microservices.GatewayServiceApplication - Starting GatewayServiceApplication using Java 22.0.1 with PID 33152 (C:\JavaProjects\School\Project\project-RonEerdekensPXL\backend-java\microservices\gateway-service\target\classes started by ronee in C:\JavaProjects\School\Project\project-RonEerdekensPXL\backend-java\microservices)
2024-11-23T18:08:57.212+0100 DEBUG              [main]                         be.pxl.microservices.GatewayServiceApplication - Running with Spring Boot v3.3.4, Spring v6.1.13
2024-11-23T18:08:57.212+0100 INFO               [main]                         be.pxl.microservices.GatewayServiceApplication - No active profile set, falling back to 1 default profile: "default"
2024-11-23T18:08:59.080+0100 INFO               [main]                         be.pxl.microservices.GatewayServiceApplication - Started GatewayServiceApplication in 2.677 seconds (process running for 3.157)
2024-11-23T18:09:02.606+0100 INFO               [main]                         be.pxl.microservices.PostServiceApplication - Starting PostServiceApplication using Java 22.0.1 with PID 32124 (C:\JavaProjects\School\Project\project-RonEerdekensPXL\backend-java\microservices\post-service\target\classes started by ronee in C:\JavaProjects\School\Project\project-RonEerdekensPXL\backend-java\microservices)
2024-11-23T18:09:02.607+0100 DEBUG              [main]                         be.pxl.microservices.PostServiceApplication - Running with Spring Boot v3.3.4, Spring v6.1.13
2024-11-23T18:09:02.608+0100 INFO               [main]                         be.pxl.microservices.PostServiceApplication - No active profile set, falling back to 1 default profile: "default"
2024-11-23T18:09:06.134+0100 INFO               [main]                         be.pxl.microservices.PostServiceApplication - Started PostServiceApplication in 4.292 seconds (process running for 4.846)
2024-11-23T18:10:01.446+0100 INFO               [http-nio-9090-exec-2]         be.pxl.microservices.api.controller.PostController - Fetching all posts
2024-11-23T18:10:20.028+0100 INFO               [http-nio-9090-exec-1]         be.pxl.microservices.api.controller.PostController - Fetching all posts
2024-11-23T18:10:49.955+0100 INFO               [main]                         be.pxl.microservices.ConfigServiceApplication - Starting ConfigServiceApplication using Java 22.0.1 with PID 17204 (C:\JavaProjects\School\Project\project-RonEerdekensPXL\backend-java\microservices\config-service\target\classes started by ronee in C:\JavaProjects\School\Project\project-RonEerdekensPXL\backend-java\microservices)
2024-11-23T18:10:49.956+0100 DEBUG              [main]                         be.pxl.microservices.ConfigServiceApplication - Running with Spring Boot v3.3.4, Spring v6.1.13
2024-11-23T18:10:49.957+0100 INFO               [main]                         be.pxl.microservices.ConfigServiceApplication - The following 1 profile is active: "native"
2024-11-23T18:10:51.322+0100 INFO               [main]                         be.pxl.microservices.ConfigServiceApplication - Started ConfigServiceApplication in 1.834 seconds (process running for 2.324)
2024-11-23T18:10:56.268+0100 INFO               [main]                         be.pxl.microservices.DiscoveryServiceApplication - Starting DiscoveryServiceApplication using Java 22.0.1 with PID 24148 (C:\JavaProjects\School\Project\project-RonEerdekensPXL\backend-java\microservices\discovery-service\target\classes started by ronee in C:\JavaProjects\School\Project\project-RonEerdekensPXL\backend-java\microservices)
2024-11-23T18:10:56.269+0100 DEBUG              [main]                         be.pxl.microservices.DiscoveryServiceApplication - Running with Spring Boot v3.3.4, Spring v6.1.13
2024-11-23T18:10:56.270+0100 INFO               [main]                         be.pxl.microservices.DiscoveryServiceApplication - No active profile set, falling back to 1 default profile: "default"
2024-11-23T18:10:58.760+0100 INFO               [main]                         be.pxl.microservices.DiscoveryServiceApplication - Started DiscoveryServiceApplication in 3.412 seconds (process running for 3.982)
2024-11-23T18:11:02.281+0100 INFO               [main]                         be.pxl.microservices.PostServiceApplication - Starting PostServiceApplication using Java 22.0.1 with PID 8828 (C:\JavaProjects\School\Project\project-RonEerdekensPXL\backend-java\microservices\post-service\target\classes started by ronee in C:\JavaProjects\School\Project\project-RonEerdekensPXL\backend-java\microservices)
2024-11-23T18:11:02.282+0100 DEBUG              [main]                         be.pxl.microservices.PostServiceApplication - Running with Spring Boot v3.3.4, Spring v6.1.13
2024-11-23T18:11:02.283+0100 INFO               [main]                         be.pxl.microservices.PostServiceApplication - No active profile set, falling back to 1 default profile: "default"
2024-11-23T18:11:06.002+0100 INFO               [main]                         be.pxl.microservices.PostServiceApplication - Started PostServiceApplication in 4.484 seconds (process running for 4.989)
2024-11-23T18:11:09.088+0100 INFO               [main]                         be.pxl.microservices.GatewayServiceApplication - Starting GatewayServiceApplication using Java 22.0.1 with PID 21712 (C:\JavaProjects\School\Project\project-RonEerdekensPXL\backend-java\microservices\gateway-service\target\classes started by ronee in C:\JavaProjects\School\Project\project-RonEerdekensPXL\backend-java\microservices)
2024-11-23T18:11:09.090+0100 DEBUG              [main]                         be.pxl.microservices.GatewayServiceApplication - Running with Spring Boot v3.3.4, Spring v6.1.13
2024-11-23T18:11:09.091+0100 INFO               [main]                         be.pxl.microservices.GatewayServiceApplication - No active profile set, falling back to 1 default profile: "default"
2024-11-23T18:11:11.203+0100 INFO               [main]                         be.pxl.microservices.GatewayServiceApplication - Started GatewayServiceApplication in 2.951 seconds (process running for 3.55)
2024-11-23T18:11:48.971+0100 INFO               [http-nio-9090-exec-1]         be.pxl.microservices.api.controller.PostController - Fetching all posts
2024-11-23T18:12:34.340+0100 INFO               [main]                         be.pxl.microservices.ConfigServiceApplication - Starting ConfigServiceApplication using Java 22.0.1 with PID 26564 (C:\JavaProjects\School\Project\project-RonEerdekensPXL\backend-java\microservices\config-service\target\classes started by ronee in C:\JavaProjects\School\Project\project-RonEerdekensPXL\backend-java\microservices)
2024-11-23T18:12:34.341+0100 DEBUG              [main]                         be.pxl.microservices.ConfigServiceApplication - Running with Spring Boot v3.3.4, Spring v6.1.13
2024-11-23T18:12:34.342+0100 INFO               [main]                         be.pxl.microservices.ConfigServiceApplication - The following 1 profile is active: "native"
2024-11-23T18:12:35.630+0100 INFO               [main]                         be.pxl.microservices.ConfigServiceApplication - Started ConfigServiceApplication in 1.737 seconds (process running for 2.196)
2024-11-23T18:12:39.253+0100 INFO               [main]                         be.pxl.microservices.DiscoveryServiceApplication - Starting DiscoveryServiceApplication using Java 22.0.1 with PID 27016 (C:\JavaProjects\School\Project\project-RonEerdekensPXL\backend-java\microservices\discovery-service\target\classes started by ronee in C:\JavaProjects\School\Project\project-RonEerdekensPXL\backend-java\microservices)
2024-11-23T18:12:39.254+0100 DEBUG              [main]                         be.pxl.microservices.DiscoveryServiceApplication - Running with Spring Boot v3.3.4, Spring v6.1.13
2024-11-23T18:12:39.255+0100 INFO               [main]                         be.pxl.microservices.DiscoveryServiceApplication - No active profile set, falling back to 1 default profile: "default"
2024-11-23T18:12:41.633+0100 INFO               [main]                         be.pxl.microservices.DiscoveryServiceApplication - Started DiscoveryServiceApplication in 3.246 seconds (process running for 3.736)
2024-11-23T18:12:46.488+0100 INFO               [main]                         be.pxl.microservices.PostServiceApplication - Starting PostServiceApplication using Java 22.0.1 with PID 18488 (C:\JavaProjects\School\Project\project-RonEerdekensPXL\backend-java\microservices\post-service\target\classes started by ronee in C:\JavaProjects\School\Project\project-RonEerdekensPXL\backend-java\microservices)
2024-11-23T18:12:46.490+0100 DEBUG              [main]                         be.pxl.microservices.PostServiceApplication - Running with Spring Boot v3.3.4, Spring v6.1.13
2024-11-23T18:12:46.490+0100 INFO               [main]                         be.pxl.microservices.PostServiceApplication - No active profile set, falling back to 1 default profile: "default"
2024-11-23T18:12:50.488+0100 INFO               [main]                         be.pxl.microservices.PostServiceApplication - Started PostServiceApplication in 4.741 seconds (process running for 5.238)
2024-11-23T18:12:50.647+0100 INFO               [main]                         be.pxl.microservices.GatewayServiceApplication - Starting GatewayServiceApplication using Java 22.0.1 with PID 12932 (C:\JavaProjects\School\Project\project-RonEerdekensPXL\backend-java\microservices\gateway-service\target\classes started by ronee in C:\JavaProjects\School\Project\project-RonEerdekensPXL\backend-java\microservices)
2024-11-23T18:12:50.648+0100 DEBUG              [main]                         be.pxl.microservices.GatewayServiceApplication - Running with Spring Boot v3.3.4, Spring v6.1.13
2024-11-23T18:12:50.649+0100 INFO               [main]                         be.pxl.microservices.GatewayServiceApplication - No active profile set, falling back to 1 default profile: "default"
2024-11-23T18:12:52.774+0100 INFO               [main]                         be.pxl.microservices.GatewayServiceApplication - Started GatewayServiceApplication in 3.066 seconds (process running for 3.643)
2024-11-23T18:13:29.447+0100 INFO               [http-nio-9090-exec-2]         be.pxl.microservices.api.controller.PostController - Fetching all posts
