2024-12-20T09:43:31.941+0100 INFO               [main]                         be.pxl.microservices.ConfigServiceApplication - Starting ConfigServiceApplication using Java 22.0.1 with PID 1780 (C:\JavaProjects\School\Project\project-RonEerdekensPXL\backend-java\microservices\config-service\target\classes started by ronee in C:\JavaProjects\School\Project\project-RonEerdekensPXL\backend-java\microservices)
2024-12-20T09:43:31.953+0100 DEBUG              [main]                         be.pxl.microservices.ConfigServiceApplication - Running with Spring Boot v3.3.4, Spring v6.1.13
2024-12-20T09:43:31.954+0100 INFO               [main]                         be.pxl.microservices.ConfigServiceApplication - The following 1 profile is active: "native"
2024-12-20T09:43:35.394+0100 INFO               [main]                         be.pxl.microservices.ConfigServiceApplication - Started ConfigServiceApplication in 4.547 seconds (process running for 12.317)
2024-12-20T09:43:40.981+0100 INFO               [main]                         be.pxl.microservices.DiscoveryServiceApplication - Starting DiscoveryServiceApplication using Java 22.0.1 with PID 8116 (C:\JavaProjects\School\Project\project-RonEerdekensPXL\backend-java\microservices\discovery-service\target\classes started by ronee in C:\JavaProjects\School\Project\project-RonEerdekensPXL\backend-java\microservices)
2024-12-20T09:43:40.984+0100 DEBUG              [main]                         be.pxl.microservices.DiscoveryServiceApplication - Running with Spring Boot v3.3.4, Spring v6.1.13
2024-12-20T09:43:40.986+0100 INFO               [main]                         be.pxl.microservices.DiscoveryServiceApplication - No active profile set, falling back to 1 default profile: "default"
2024-12-20T09:43:41.006+0100 INFO               [main]                         be.pxl.microservices.GatewayServiceApplication - Starting GatewayServiceApplication using Java 22.0.1 with PID 13404 (C:\JavaProjects\School\Project\project-RonEerdekensPXL\backend-java\microservices\gateway-service\target\classes started by ronee in C:\JavaProjects\School\Project\project-RonEerdekensPXL\backend-java\microservices)
2024-12-20T09:43:41.008+0100 DEBUG              [main]                         be.pxl.microservices.GatewayServiceApplication - Running with Spring Boot v3.3.4, Spring v6.1.13
2024-12-20T09:43:41.010+0100 INFO               [main]                         be.pxl.microservices.GatewayServiceApplication - No active profile set, falling back to 1 default profile: "default"
2024-12-20T09:43:46.158+0100 INFO               [main]                         be.pxl.microservices.GatewayServiceApplication - Started GatewayServiceApplication in 7.294 seconds (process running for 11.958)
2024-12-20T09:43:47.798+0100 INFO               [main]                         be.pxl.microservices.DiscoveryServiceApplication - Started DiscoveryServiceApplication in 9.201 seconds (process running for 19.703)
2024-12-20T09:43:49.453+0100 INFO               [main]                         be.pxl.microservices.PostServiceApplication - Starting PostServiceApplication using Java 22.0.1 with PID 19872 (C:\JavaProjects\School\Project\project-RonEerdekensPXL\backend-java\microservices\post-service\target\classes started by ronee in C:\JavaProjects\School\Project\project-RonEerdekensPXL\backend-java\microservices)
2024-12-20T09:43:49.455+0100 DEBUG              [main]                         be.pxl.microservices.PostServiceApplication - Running with Spring Boot v3.3.4, Spring v6.1.13
2024-12-20T09:43:49.456+0100 INFO               [main]                         be.pxl.microservices.PostServiceApplication - No active profile set, falling back to 1 default profile: "default"
2024-12-20T09:43:50.608+0100 INFO               [main]                         be.pxl.microservices.ReviewServiceApplication - Starting ReviewServiceApplication using Java 22.0.1 with PID 19016 (C:\JavaProjects\School\Project\project-RonEerdekensPXL\backend-java\microservices\review-service\target\classes started by ronee in C:\JavaProjects\School\Project\project-RonEerdekensPXL\backend-java\microservices)
2024-12-20T09:43:50.610+0100 DEBUG              [main]                         be.pxl.microservices.ReviewServiceApplication - Running with Spring Boot v3.3.4, Spring v6.1.13
2024-12-20T09:43:50.611+0100 INFO               [main]                         be.pxl.microservices.ReviewServiceApplication - No active profile set, falling back to 1 default profile: "default"
2024-12-20T09:43:56.813+0100 INFO               [main]                         be.pxl.microservices.CommentServiceApplication - Starting CommentServiceApplication using Java 22.0.1 with PID 12592 (C:\JavaProjects\School\Project\project-RonEerdekensPXL\backend-java\microservices\comment-service\target\classes started by ronee in C:\JavaProjects\School\Project\project-RonEerdekensPXL\backend-java\microservices)
2024-12-20T09:43:56.816+0100 DEBUG              [main]                         be.pxl.microservices.CommentServiceApplication - Running with Spring Boot v3.3.4, Spring v6.1.13
2024-12-20T09:43:56.817+0100 INFO               [main]                         be.pxl.microservices.CommentServiceApplication - No active profile set, falling back to 1 default profile: "default"
2024-12-20T09:44:08.000+0100 INFO               [main]                         be.pxl.microservices.ReviewServiceApplication - Started ReviewServiceApplication in 19.272 seconds (process running for 20.5)
2024-12-20T09:44:09.109+0100 INFO               [main]                         be.pxl.microservices.CommentServiceApplication - Started CommentServiceApplication in 14.156 seconds (process running for 15.548)
2024-12-20T09:44:11.255+0100 INFO               [main]                         be.pxl.microservices.PostServiceApplication - Started PostServiceApplication in 23.819 seconds (process running for 31.928)
2024-12-20T09:45:08.113+0100 INFO               [http-nio-9090-exec-1]         be.pxl.microservices.api.controller.PostController - Fetching all published posts
2024-12-20T09:45:13.436+0100 INFO               [http-nio-9090-exec-2]         be.pxl.microservices.api.controller.PostController - Fetching post with id: 203 and comments
2024-12-20T09:45:14.195+0100 INFO               [http-nio-9092-exec-1]         be.pxl.microservices.api.controller.CommentController - Fetching comments for post with id: 203
2024-12-20T09:45:18.151+0100 INFO               [http-nio-9090-exec-3]         be.pxl.microservices.api.controller.PostController - Fetching all published posts
2024-12-20T09:45:19.443+0100 INFO               [http-nio-9090-exec-4]         be.pxl.microservices.api.controller.PostController - Fetching post with id: 1 and comments
2024-12-20T09:45:19.476+0100 INFO               [http-nio-9092-exec-3]         be.pxl.microservices.api.controller.CommentController - Fetching comments for post with id: 1
2024-12-20T09:45:24.798+0100 INFO               [http-nio-9092-exec-2]         be.pxl.microservices.api.controller.CommentController - Deleting comment with id: 2
2024-12-20T09:45:25.012+0100 INFO               [http-nio-9090-exec-8]         be.pxl.microservices.api.controller.PostController - Fetching post with id: 1 and comments
2024-12-20T09:45:25.040+0100 INFO               [http-nio-9092-exec-5]         be.pxl.microservices.api.controller.CommentController - Fetching comments for post with id: 1
2024-12-20T09:45:29.367+0100 INFO               [http-nio-9090-exec-7]         be.pxl.microservices.api.controller.PostController - Fetching all concept posts
2024-12-20T09:45:31.138+0100 INFO               [http-nio-9090-exec-5]         be.pxl.microservices.api.controller.PostController - Fetching all concept posts
2024-12-20T09:45:32.965+0100 INFO               [http-nio-9090-exec-6]         be.pxl.microservices.api.controller.PostController - Fetching post with id: 204 and remarks
2024-12-20T09:45:33.365+0100 INFO               [http-nio-9091-exec-2]         be.pxl.microservices.api.controller.ReviewController - Fetching remarks for post with id: 204
2024-12-20T09:45:37.950+0100 INFO               [http-nio-9091-exec-1]         be.pxl.microservices.api.controller.ReviewController - Fetching all review posts
2024-12-20T09:45:38.423+0100 INFO               [http-nio-9090-exec-9]         be.pxl.microservices.api.controller.PostController - Fetching all review posts
2024-12-20T09:45:44.686+0100 INFO               [http-nio-9090-exec-10]        be.pxl.microservices.api.controller.PostController - Fetching all published posts
