2024-12-14T11:47:42.270+0100 INFO               [main]                         be.pxl.microservices.ConfigServiceApplication - Starting ConfigServiceApplication using Java 22.0.1 with PID 16652 (C:\JavaProjects\School\Project\project-RonEerdekensPXL\backend-java\microservices\config-service\target\classes started by ronee in C:\JavaProjects\School\Project\project-RonEerdekensPXL\backend-java\microservices)
2024-12-14T11:47:42.278+0100 DEBUG              [main]                         be.pxl.microservices.ConfigServiceApplication - Running with Spring Boot v3.3.4, Spring v6.1.13
2024-12-14T11:47:42.279+0100 INFO               [main]                         be.pxl.microservices.ConfigServiceApplication - The following 1 profile is active: "native"
2024-12-14T11:47:44.179+0100 INFO               [main]                         be.pxl.microservices.ConfigServiceApplication - Started ConfigServiceApplication in 2.481 seconds (process running for 5.019)
2024-12-14T11:47:48.547+0100 INFO               [main]                         be.pxl.microservices.DiscoveryServiceApplication - Starting DiscoveryServiceApplication using Java 22.0.1 with PID 25728 (C:\JavaProjects\School\Project\project-RonEerdekensPXL\backend-java\microservices\discovery-service\target\classes started by ronee in C:\JavaProjects\School\Project\project-RonEerdekensPXL\backend-java\microservices)
2024-12-14T11:47:48.549+0100 DEBUG              [main]                         be.pxl.microservices.DiscoveryServiceApplication - Running with Spring Boot v3.3.4, Spring v6.1.13
2024-12-14T11:47:48.550+0100 INFO               [main]                         be.pxl.microservices.DiscoveryServiceApplication - No active profile set, falling back to 1 default profile: "default"
2024-12-14T11:47:49.146+0100 INFO               [main]                         be.pxl.microservices.GatewayServiceApplication - Starting GatewayServiceApplication using Java 22.0.1 with PID 25392 (C:\JavaProjects\School\Project\project-RonEerdekensPXL\backend-java\microservices\gateway-service\target\classes started by ronee in C:\JavaProjects\School\Project\project-RonEerdekensPXL\backend-java\microservices)
2024-12-14T11:47:49.148+0100 DEBUG              [main]                         be.pxl.microservices.GatewayServiceApplication - Running with Spring Boot v3.3.4, Spring v6.1.13
2024-12-14T11:47:49.149+0100 INFO               [main]                         be.pxl.microservices.GatewayServiceApplication - No active profile set, falling back to 1 default profile: "default"
2024-12-14T11:47:51.893+0100 INFO               [main]                         be.pxl.microservices.PostServiceApplication - Starting PostServiceApplication using Java 22.0.1 with PID 23124 (C:\JavaProjects\School\Project\project-RonEerdekensPXL\backend-java\microservices\post-service\target\classes started by ronee in C:\JavaProjects\School\Project\project-RonEerdekensPXL\backend-java\microservices)
2024-12-14T11:47:51.896+0100 DEBUG              [main]                         be.pxl.microservices.PostServiceApplication - Running with Spring Boot v3.3.4, Spring v6.1.13
2024-12-14T11:47:51.897+0100 INFO               [main]                         be.pxl.microservices.PostServiceApplication - No active profile set, falling back to 1 default profile: "default"
2024-12-14T11:47:52.015+0100 INFO               [main]                         be.pxl.microservices.GatewayServiceApplication - Started GatewayServiceApplication in 4.084 seconds (process running for 5.792)
2024-12-14T11:47:52.505+0100 INFO               [main]                         be.pxl.microservices.DiscoveryServiceApplication - Started DiscoveryServiceApplication in 5.051 seconds (process running for 9.072)
2024-12-14T11:47:57.670+0100 INFO               [main]                         be.pxl.microservices.ReviewServiceApplication - Starting ReviewServiceApplication using Java 22.0.1 with PID 25884 (C:\JavaProjects\School\Project\project-RonEerdekensPXL\backend-java\microservices\review-service\target\classes started by ronee in C:\JavaProjects\School\Project\project-RonEerdekensPXL\backend-java\microservices)
2024-12-14T11:47:57.672+0100 DEBUG              [main]                         be.pxl.microservices.ReviewServiceApplication - Running with Spring Boot v3.3.4, Spring v6.1.13
2024-12-14T11:47:57.673+0100 INFO               [main]                         be.pxl.microservices.ReviewServiceApplication - No active profile set, falling back to 1 default profile: "default"
2024-12-14T11:47:58.930+0100 INFO               [main]                         be.pxl.microservices.PostServiceApplication - Started PostServiceApplication in 7.995 seconds (process running for 10.15)
2024-12-14T11:48:01.173+0100 INFO               [main]                         be.pxl.microservices.CommentServiceApplication - Starting CommentServiceApplication using Java 22.0.1 with PID 24960 (C:\JavaProjects\School\Project\project-RonEerdekensPXL\backend-java\microservices\comment-service\target\classes started by ronee in C:\JavaProjects\School\Project\project-RonEerdekensPXL\backend-java\microservices)
2024-12-14T11:48:01.175+0100 DEBUG              [main]                         be.pxl.microservices.CommentServiceApplication - Running with Spring Boot v3.3.4, Spring v6.1.13
2024-12-14T11:48:01.176+0100 INFO               [main]                         be.pxl.microservices.CommentServiceApplication - No active profile set, falling back to 1 default profile: "default"
2024-12-14T11:48:02.402+0100 INFO               [main]                         be.pxl.microservices.ReviewServiceApplication - Started ReviewServiceApplication in 5.665 seconds (process running for 6.287)
2024-12-14T11:48:05.130+0100 INFO               [main]                         be.pxl.microservices.CommentServiceApplication - Started CommentServiceApplication in 4.977 seconds (process running for 5.63)
2024-12-14T11:49:22.745+0100 INFO               [http-nio-9092-exec-1]         be.pxl.microservices.api.controller.CommentController - Fetching all comments for user with id: 5
2024-12-14T11:49:23.026+0100 INFO               [http-nio-9090-exec-1]         be.pxl.microservices.api.controller.PostController - Fetching all published posts
2024-12-14T11:49:24.377+0100 INFO               [http-nio-9090-exec-2]         be.pxl.microservices.api.controller.PostController - Fetching post with id: 1 and comments
2024-12-14T11:49:24.487+0100 INFO               [http-nio-9092-exec-3]         be.pxl.microservices.api.controller.CommentController - Fetching comments for post with id: 1
2024-12-14T11:49:30.087+0100 INFO               [http-nio-9092-exec-4]         be.pxl.microservices.api.controller.CommentController - Fetching all comments for user with id: 5
2024-12-14T11:49:30.799+0100 INFO               [http-nio-9090-exec-3]         be.pxl.microservices.api.controller.PostController - Fetching post with id: 1 and comments
2024-12-14T11:49:30.812+0100 INFO               [http-nio-9092-exec-7]         be.pxl.microservices.api.controller.CommentController - Fetching comments for post with id: 1
2024-12-14T11:49:53.771+0100 INFO               [http-nio-9092-exec-6]         be.pxl.microservices.api.controller.CommentController - Fetching all comments for user with id: 5
2024-12-14T11:51:44.053+0100 INFO               [http-nio-9092-exec-8]         be.pxl.microservices.api.controller.CommentController - Fetching all comments for user with id: 5
2024-12-14T11:51:45.313+0100 INFO               [http-nio-9090-exec-6]         be.pxl.microservices.api.controller.PostController - Fetching all published posts
2024-12-14T11:51:46.558+0100 INFO               [http-nio-9090-exec-5]         be.pxl.microservices.api.controller.PostController - Fetching post with id: 1 and comments
2024-12-14T11:51:46.571+0100 INFO               [http-nio-9092-exec-9]         be.pxl.microservices.api.controller.CommentController - Fetching comments for post with id: 1
2024-12-14T11:51:48.038+0100 INFO               [http-nio-9092-exec-10]        be.pxl.microservices.api.controller.CommentController - Fetching all comments for user with id: 5
2024-12-14T11:51:48.608+0100 INFO               [http-nio-9090-exec-7]         be.pxl.microservices.api.controller.PostController - Fetching post with id: 1 and comments
2024-12-14T11:51:48.622+0100 INFO               [http-nio-9092-exec-1]         be.pxl.microservices.api.controller.CommentController - Fetching comments for post with id: 1
2024-12-14T11:51:49.615+0100 INFO               [http-nio-9092-exec-3]         be.pxl.microservices.api.controller.CommentController - Fetching all comments for user with id: 5
2024-12-14T11:53:15.098+0100 INFO               [http-nio-9092-exec-6]         be.pxl.microservices.api.controller.CommentController - Fetching all comments for user with id: 5
2024-12-14T11:53:16.781+0100 INFO               [http-nio-9090-exec-9]         be.pxl.microservices.api.controller.PostController - Fetching all published posts
2024-12-14T11:53:17.327+0100 INFO               [http-nio-9092-exec-2]         be.pxl.microservices.api.controller.CommentController - Fetching all comments for user with id: 5
2024-12-14T11:53:18.297+0100 INFO               [http-nio-9090-exec-10]        be.pxl.microservices.api.controller.PostController - Fetching post with id: 1 and comments
2024-12-14T11:53:18.311+0100 INFO               [http-nio-9092-exec-5]         be.pxl.microservices.api.controller.CommentController - Fetching comments for post with id: 1
2024-12-14T11:55:52.649+0100 INFO               [http-nio-9090-exec-2]         be.pxl.microservices.api.controller.PostController - Fetching post with id: 1 and comments
2024-12-14T11:55:52.665+0100 INFO               [http-nio-9092-exec-10]        be.pxl.microservices.api.controller.CommentController - Fetching comments for post with id: 1
2024-12-14T11:55:54.003+0100 INFO               [http-nio-9092-exec-1]         be.pxl.microservices.api.controller.CommentController - Fetching all comments for user with id: 5
2024-12-14T11:55:54.633+0100 INFO               [http-nio-9090-exec-3]         be.pxl.microservices.api.controller.PostController - Fetching all published posts
2024-12-14T11:55:55.448+0100 INFO               [http-nio-9090-exec-4]         be.pxl.microservices.api.controller.PostController - Fetching post with id: 1 and comments
2024-12-14T11:55:55.461+0100 INFO               [http-nio-9092-exec-3]         be.pxl.microservices.api.controller.CommentController - Fetching comments for post with id: 1
2024-12-14T11:55:57.475+0100 INFO               [http-nio-9092-exec-4]         be.pxl.microservices.api.controller.CommentController - Fetching all comments for user with id: 5
2024-12-14T11:55:58.167+0100 INFO               [http-nio-9090-exec-6]         be.pxl.microservices.api.controller.PostController - Fetching post with id: 1 and comments
2024-12-14T11:55:58.179+0100 INFO               [http-nio-9092-exec-7]         be.pxl.microservices.api.controller.CommentController - Fetching comments for post with id: 1
2024-12-14T11:56:07.005+0100 INFO               [http-nio-9090-exec-5]         be.pxl.microservices.api.controller.PostController - Fetching post with id: 1 and comments
2024-12-14T11:56:07.018+0100 INFO               [http-nio-9092-exec-6]         be.pxl.microservices.api.controller.CommentController - Fetching comments for post with id: 1
2024-12-14T11:56:45.613+0100 INFO               [http-nio-9092-exec-2]         be.pxl.microservices.api.controller.CommentController - Fetching all comments for user with id: 5
2024-12-14T11:56:46.563+0100 INFO               [http-nio-9090-exec-7]         be.pxl.microservices.api.controller.PostController - Fetching post with id: 1 and comments
2024-12-14T11:56:46.576+0100 INFO               [http-nio-9092-exec-5]         be.pxl.microservices.api.controller.CommentController - Fetching comments for post with id: 1
2024-12-14T11:58:54.057+0100 INFO               [http-nio-9092-exec-10]        be.pxl.microservices.api.controller.CommentController - Fetching all comments for user with id: 5
2024-12-14T11:58:54.990+0100 INFO               [http-nio-9090-exec-9]         be.pxl.microservices.api.controller.PostController - Fetching all published posts
2024-12-14T11:58:56.095+0100 INFO               [http-nio-9090-exec-10]        be.pxl.microservices.api.controller.PostController - Fetching post with id: 1 and comments
2024-12-14T11:58:56.109+0100 INFO               [http-nio-9092-exec-1]         be.pxl.microservices.api.controller.CommentController - Fetching comments for post with id: 1
2024-12-14T11:58:57.555+0100 INFO               [http-nio-9092-exec-3]         be.pxl.microservices.api.controller.CommentController - Fetching all comments for user with id: 5
2024-12-14T11:58:58.882+0100 INFO               [http-nio-9090-exec-1]         be.pxl.microservices.api.controller.PostController - Fetching post with id: 1 and comments
2024-12-14T11:58:58.895+0100 INFO               [http-nio-9092-exec-4]         be.pxl.microservices.api.controller.CommentController - Fetching comments for post with id: 1
2024-12-14T12:01:00.233+0100 INFO               [http-nio-9090-exec-3]         be.pxl.microservices.api.controller.PostController - Fetching post with id: 1 and comments
2024-12-14T12:01:00.254+0100 INFO               [http-nio-9092-exec-2]         be.pxl.microservices.api.controller.CommentController - Fetching comments for post with id: 1
2024-12-14T12:01:02.367+0100 INFO               [http-nio-9090-exec-4]         be.pxl.microservices.api.controller.PostController - Fetching all published posts
2024-12-14T12:01:03.378+0100 INFO               [http-nio-9090-exec-6]         be.pxl.microservices.api.controller.PostController - Fetching post with id: 1 and comments
2024-12-14T12:01:03.391+0100 INFO               [http-nio-9092-exec-5]         be.pxl.microservices.api.controller.CommentController - Fetching comments for post with id: 1
2024-12-14T12:01:05.679+0100 INFO               [http-nio-9092-exec-8]         be.pxl.microservices.api.controller.CommentController - Fetching all comments for user with id: 5
2024-12-14T12:01:06.357+0100 INFO               [http-nio-9090-exec-5]         be.pxl.microservices.api.controller.PostController - Fetching post with id: 1 and comments
2024-12-14T12:01:06.369+0100 INFO               [http-nio-9092-exec-9]         be.pxl.microservices.api.controller.CommentController - Fetching comments for post with id: 1
2024-12-14T12:01:57.987+0100 INFO               [http-nio-9090-exec-7]         be.pxl.microservices.api.controller.PostController - Fetching all published posts
2024-12-14T12:01:59.084+0100 INFO               [http-nio-9090-exec-8]         be.pxl.microservices.api.controller.PostController - Fetching post with id: 1 and comments
2024-12-14T12:01:59.095+0100 INFO               [http-nio-9092-exec-10]        be.pxl.microservices.api.controller.CommentController - Fetching comments for post with id: 1
2024-12-14T12:02:00.545+0100 INFO               [http-nio-9092-exec-1]         be.pxl.microservices.api.controller.CommentController - Fetching all comments for user with id: 5
2024-12-14T12:02:01.142+0100 INFO               [http-nio-9090-exec-9]         be.pxl.microservices.api.controller.PostController - Fetching post with id: 1 and comments
2024-12-14T12:02:01.155+0100 INFO               [http-nio-9092-exec-3]         be.pxl.microservices.api.controller.CommentController - Fetching comments for post with id: 1
2024-12-14T12:02:51.735+0100 INFO               [http-nio-9090-exec-10]        be.pxl.microservices.api.controller.PostController - Fetching post with id: 1 and comments
2024-12-14T12:02:51.749+0100 INFO               [http-nio-9092-exec-4]         be.pxl.microservices.api.controller.CommentController - Fetching comments for post with id: 1
2024-12-14T12:04:04.389+0100 INFO               [http-nio-9090-exec-2]         be.pxl.microservices.api.controller.PostController - Fetching post with id: 1 and comments
2024-12-14T12:04:04.405+0100 INFO               [http-nio-9092-exec-2]         be.pxl.microservices.api.controller.CommentController - Fetching comments for post with id: 1
2024-12-14T12:04:06.313+0100 INFO               [http-nio-9092-exec-5]         be.pxl.microservices.api.controller.CommentController - Fetching all comments for user with id: 5
2024-12-14T12:04:07.240+0100 INFO               [http-nio-9090-exec-3]         be.pxl.microservices.api.controller.PostController - Fetching post with id: 1 and comments
2024-12-14T12:04:07.253+0100 INFO               [http-nio-9092-exec-8]         be.pxl.microservices.api.controller.CommentController - Fetching comments for post with id: 1
2024-12-14T12:04:09.023+0100 INFO               [http-nio-9090-exec-4]         be.pxl.microservices.api.controller.PostController - Fetching all concept posts
2024-12-14T12:04:10.873+0100 INFO               [http-nio-9090-exec-6]         be.pxl.microservices.api.controller.PostController - Fetching all published posts
2024-12-14T12:04:11.578+0100 INFO               [http-nio-9090-exec-5]         be.pxl.microservices.api.controller.PostController - Fetching post with id: 1 and comments
2024-12-14T12:04:11.591+0100 INFO               [http-nio-9092-exec-9]         be.pxl.microservices.api.controller.CommentController - Fetching comments for post with id: 1
2024-12-14T12:04:13.466+0100 INFO               [http-nio-9092-exec-10]        be.pxl.microservices.api.controller.CommentController - Fetching all comments for user with id: 5
2024-12-14T12:04:14.223+0100 INFO               [http-nio-9090-exec-7]         be.pxl.microservices.api.controller.PostController - Fetching post with id: 1 and comments
2024-12-14T12:04:14.236+0100 INFO               [http-nio-9092-exec-1]         be.pxl.microservices.api.controller.CommentController - Fetching comments for post with id: 1
2024-12-14T12:04:26.225+0100 INFO               [http-nio-9090-exec-8]         be.pxl.microservices.api.controller.PostController - Fetching post with id: 1 and comments
2024-12-14T12:04:26.242+0100 INFO               [http-nio-9092-exec-3]         be.pxl.microservices.api.controller.CommentController - Fetching comments for post with id: 1
2024-12-14T12:04:44.149+0100 INFO               [http-nio-9090-exec-9]         be.pxl.microservices.api.controller.PostController - Fetching all published posts
2024-12-14T12:04:45.230+0100 INFO               [http-nio-9090-exec-10]        be.pxl.microservices.api.controller.PostController - Fetching post with id: 1 and comments
2024-12-14T12:04:45.245+0100 INFO               [http-nio-9092-exec-4]         be.pxl.microservices.api.controller.CommentController - Fetching comments for post with id: 1
2024-12-14T12:04:47.024+0100 INFO               [http-nio-9092-exec-7]         be.pxl.microservices.api.controller.CommentController - Fetching all comments for user with id: 5
2024-12-14T12:04:47.803+0100 INFO               [http-nio-9090-exec-1]         be.pxl.microservices.api.controller.PostController - Fetching post with id: 1 and comments
2024-12-14T12:04:47.816+0100 INFO               [http-nio-9092-exec-6]         be.pxl.microservices.api.controller.CommentController - Fetching comments for post with id: 1
2024-12-14T12:06:50.723+0100 INFO               [http-nio-9090-exec-3]         be.pxl.microservices.api.controller.PostController - Fetching post with id: 1 and comments
2024-12-14T12:06:50.740+0100 INFO               [http-nio-9092-exec-8]         be.pxl.microservices.api.controller.CommentController - Fetching comments for post with id: 1
2024-12-14T12:06:52.246+0100 INFO               [http-nio-9092-exec-9]         be.pxl.microservices.api.controller.CommentController - Fetching all comments for user with id: 5
2024-12-14T12:06:52.724+0100 INFO               [http-nio-9090-exec-4]         be.pxl.microservices.api.controller.PostController - Fetching all published posts
2024-12-14T12:06:53.793+0100 INFO               [http-nio-9090-exec-6]         be.pxl.microservices.api.controller.PostController - Fetching post with id: 1 and comments
2024-12-14T12:06:53.805+0100 INFO               [http-nio-9092-exec-10]        be.pxl.microservices.api.controller.CommentController - Fetching comments for post with id: 1
2024-12-14T12:06:56.722+0100 INFO               [http-nio-9092-exec-1]         be.pxl.microservices.api.controller.CommentController - Fetching all comments for user with id: 5
2024-12-14T12:06:57.411+0100 INFO               [http-nio-9090-exec-5]         be.pxl.microservices.api.controller.PostController - Fetching post with id: 1 and comments
2024-12-14T12:06:57.423+0100 INFO               [http-nio-9092-exec-3]         be.pxl.microservices.api.controller.CommentController - Fetching comments for post with id: 1
2024-12-14T12:07:25.587+0100 INFO               [http-nio-9090-exec-7]         be.pxl.microservices.api.controller.PostController - Fetching post with id: 1 and comments
2024-12-14T12:07:25.604+0100 INFO               [http-nio-9092-exec-4]         be.pxl.microservices.api.controller.CommentController - Fetching comments for post with id: 1
2024-12-14T12:08:58.127+0100 INFO               [http-nio-9090-exec-9]         be.pxl.microservices.api.controller.PostController - Fetching post with id: 1 and comments
2024-12-14T12:08:58.144+0100 INFO               [http-nio-9092-exec-2]         be.pxl.microservices.api.controller.CommentController - Fetching comments for post with id: 1
2024-12-14T12:09:32.939+0100 INFO               [http-nio-9090-exec-10]        be.pxl.microservices.api.controller.PostController - Fetching post with id: 1 and comments
2024-12-14T12:09:32.953+0100 INFO               [http-nio-9092-exec-5]         be.pxl.microservices.api.controller.CommentController - Fetching comments for post with id: 1
