2024-12-21T16:39:08.015+0100 INFO               [main]                         be.pxl.microservices.api.controller.RemarkTests - Starting RemarkTests using Java 22.0.1 with PID 20560 (started by ronee in C:\JavaProjects\School\Project\project-RonEerdekensPXL\backend-java\microservices\review-service)
2024-12-21T16:39:08.016+0100 DEBUG              [main]                         be.pxl.microservices.api.controller.RemarkTests - Running with Spring Boot v3.3.4, Spring v6.1.13
2024-12-21T16:39:08.016+0100 INFO               [main]                         be.pxl.microservices.api.controller.RemarkTests - No active profile set, falling back to 1 default profile: "default"
2024-12-21T16:39:13.968+0100 INFO               [main]                         be.pxl.microservices.api.controller.RemarkTests - Started RemarkTests in 6.778 seconds (process running for 19.742)
2024-12-21T16:39:14.066+0100 INFO               [main]                         be.pxl.microservices.api.controller.ReviewController - Fetching all review posts
2024-12-21T16:42:04.854+0100 INFO               [main]                         be.pxl.microservices.api.controller.RemarkTests - Starting RemarkTests using Java 22.0.1 with PID 16972 (started by ronee in C:\JavaProjects\School\Project\project-RonEerdekensPXL\backend-java\microservices\review-service)
2024-12-21T16:42:04.855+0100 DEBUG              [main]                         be.pxl.microservices.api.controller.RemarkTests - Running with Spring Boot v3.3.4, Spring v6.1.13
2024-12-21T16:42:04.856+0100 INFO               [main]                         be.pxl.microservices.api.controller.RemarkTests - No active profile set, falling back to 1 default profile: "default"
2024-12-21T16:42:11.172+0100 INFO               [main]                         be.pxl.microservices.api.controller.RemarkTests - Started RemarkTests in 7.226 seconds (process running for 20.232)
2024-12-21T16:42:11.255+0100 INFO               [main]                         be.pxl.microservices.api.controller.ReviewController - Fetching all review posts
2024-12-21T16:42:35.513+0100 INFO               [main]                         be.pxl.microservices.api.controller.RemarkTests - Starting RemarkTests using Java 22.0.1 with PID 17256 (started by ronee in C:\JavaProjects\School\Project\project-RonEerdekensPXL\backend-java\microservices\review-service)
2024-12-21T16:42:35.513+0100 DEBUG              [main]                         be.pxl.microservices.api.controller.RemarkTests - Running with Spring Boot v3.3.4, Spring v6.1.13
2024-12-21T16:42:35.515+0100 INFO               [main]                         be.pxl.microservices.api.controller.RemarkTests - No active profile set, falling back to 1 default profile: "default"
2024-12-21T16:42:42.008+0100 INFO               [main]                         be.pxl.microservices.api.controller.RemarkTests - Started RemarkTests in 7.311 seconds (process running for 19.817)
2024-12-21T16:42:42.080+0100 INFO               [main]                         be.pxl.microservices.api.controller.ReviewController - Fetching all review posts
2024-12-21T16:42:42.272+0100 INFO               [main]                         be.pxl.microservices.api.controller.ReviewController - Approving post with id: 1
2024-12-21T16:48:36.949+0100 INFO               [main]                         be.pxl.microservices.api.controller.RemarkTests - Starting RemarkTests using Java 22.0.1 with PID 28776 (started by ronee in C:\JavaProjects\School\Project\project-RonEerdekensPXL\backend-java\microservices\review-service)
2024-12-21T16:48:36.950+0100 DEBUG              [main]                         be.pxl.microservices.api.controller.RemarkTests - Running with Spring Boot v3.3.4, Spring v6.1.13
2024-12-21T16:48:36.950+0100 INFO               [main]                         be.pxl.microservices.api.controller.RemarkTests - No active profile set, falling back to 1 default profile: "default"
2024-12-21T16:48:43.348+0100 INFO               [main]                         be.pxl.microservices.api.controller.RemarkTests - Started RemarkTests in 7.175 seconds (process running for 20.832)
2024-12-21T16:48:43.445+0100 INFO               [main]                         be.pxl.microservices.api.controller.ReviewController - Rejecting post with id: 1
2024-12-21T16:48:43.669+0100 INFO               [main]                         be.pxl.microservices.api.controller.ReviewController - Fetching all review posts
2024-12-21T16:48:43.727+0100 INFO               [main]                         be.pxl.microservices.api.controller.ReviewController - Approving post with id: 1
2024-12-21T16:48:43.742+0100 INFO               [main]                         be.pxl.microservices.api.controller.ReviewController - Rejecting post with id: 1
2024-12-21T16:51:56.945+0100 INFO               [main]                         be.pxl.microservices.api.controller.RemarkTests - Starting RemarkTests using Java 22.0.1 with PID 28576 (started by ronee in C:\JavaProjects\School\Project\project-RonEerdekensPXL\backend-java\microservices\review-service)
2024-12-21T16:51:56.946+0100 DEBUG              [main]                         be.pxl.microservices.api.controller.RemarkTests - Running with Spring Boot v3.3.4, Spring v6.1.13
2024-12-21T16:51:56.946+0100 INFO               [main]                         be.pxl.microservices.api.controller.RemarkTests - No active profile set, falling back to 1 default profile: "default"
2024-12-21T16:52:03.434+0100 INFO               [main]                         be.pxl.microservices.api.controller.RemarkTests - Started RemarkTests in 7.254 seconds (process running for 19.747)
2024-12-21T16:52:03.525+0100 INFO               [main]                         be.pxl.microservices.api.controller.ReviewController - Rejecting post with id: 1
2024-12-21T16:52:03.776+0100 INFO               [main]                         be.pxl.microservices.api.controller.ReviewController - Fetching all review posts
2024-12-21T16:52:03.875+0100 INFO               [main]                         be.pxl.microservices.api.controller.ReviewController - Approving post with id: 1
2024-12-21T16:52:03.894+0100 INFO               [main]                         be.pxl.microservices.api.controller.ReviewController - Rejecting post with id: 1
2024-12-21T16:54:23.148+0100 INFO               [main]                         be.pxl.microservices.api.controller.RemarkTests - Starting RemarkTests using Java 22.0.1 with PID 17268 (started by ronee in C:\JavaProjects\School\Project\project-RonEerdekensPXL\backend-java\microservices\review-service)
2024-12-21T16:54:23.148+0100 DEBUG              [main]                         be.pxl.microservices.api.controller.RemarkTests - Running with Spring Boot v3.3.4, Spring v6.1.13
2024-12-21T16:54:23.149+0100 INFO               [main]                         be.pxl.microservices.api.controller.RemarkTests - No active profile set, falling back to 1 default profile: "default"
2024-12-21T16:54:30.454+0100 INFO               [main]                         be.pxl.microservices.api.controller.RemarkTests - Started RemarkTests in 8.118 seconds (process running for 21.749)
2024-12-21T16:54:30.557+0100 INFO               [main]                         be.pxl.microservices.api.controller.ReviewController - Rejecting post with id: 1
2024-12-21T16:54:30.795+0100 INFO               [main]                         be.pxl.microservices.api.controller.ReviewController - Fetching all review posts
2024-12-21T16:54:30.870+0100 INFO               [main]                         be.pxl.microservices.api.controller.ReviewController - Approving post with id: 1
2024-12-21T16:54:31.125+0100 INFO               [main]                         be.pxl.microservices.api.controller.ReviewController - Rejecting post with id: 1
2024-12-21T16:56:52.012+0100 INFO               [main]                         be.pxl.microservices.api.controller.RemarkTests - Starting RemarkTests using Java 22.0.1 with PID 4384 (started by ronee in C:\JavaProjects\School\Project\project-RonEerdekensPXL\backend-java\microservices\review-service)
2024-12-21T16:56:52.013+0100 DEBUG              [main]                         be.pxl.microservices.api.controller.RemarkTests - Running with Spring Boot v3.3.4, Spring v6.1.13
2024-12-21T16:56:52.014+0100 INFO               [main]                         be.pxl.microservices.api.controller.RemarkTests - No active profile set, falling back to 1 default profile: "default"
2024-12-21T16:56:58.530+0100 INFO               [main]                         be.pxl.microservices.api.controller.RemarkTests - Started RemarkTests in 7.288 seconds (process running for 20.846)
2024-12-21T16:56:58.622+0100 INFO               [main]                         be.pxl.microservices.api.controller.ReviewController - Rejecting post with id: 1
2024-12-21T16:56:58.870+0100 INFO               [main]                         be.pxl.microservices.api.controller.ReviewController - Fetching all review posts
2024-12-21T16:56:58.953+0100 INFO               [main]                         be.pxl.microservices.api.controller.ReviewController - Approving post with id: 1
2024-12-21T16:56:59.166+0100 INFO               [main]                         be.pxl.microservices.api.controller.ReviewController - Rejecting post with id: 1
2024-12-21T16:56:59.215+0100 INFO               [main]                         be.pxl.microservices.api.controller.ReviewController - Fetching remarks for post with id: 1
2024-12-21T17:03:06.003+0100 INFO               [main]                         be.pxl.microservices.api.controller.RemarkTests - Starting RemarkTests using Java 22.0.1 with PID 28356 (started by ronee in C:\JavaProjects\School\Project\project-RonEerdekensPXL\backend-java\microservices\review-service)
2024-12-21T17:03:06.005+0100 DEBUG              [main]                         be.pxl.microservices.api.controller.RemarkTests - Running with Spring Boot v3.3.4, Spring v6.1.13
2024-12-21T17:03:06.005+0100 INFO               [main]                         be.pxl.microservices.api.controller.RemarkTests - No active profile set, falling back to 1 default profile: "default"
2024-12-21T17:03:13.199+0100 INFO               [main]                         be.pxl.microservices.api.controller.RemarkTests - Started RemarkTests in 8.735 seconds (process running for 21.166)
2024-12-21T17:03:13.302+0100 INFO               [main]                         be.pxl.microservices.api.controller.ReviewController - Rejecting post with id: 1
2024-12-21T17:03:13.521+0100 INFO               [main]                         be.pxl.microservices.api.controller.ReviewController - Fetching all review posts
2024-12-21T17:03:13.578+0100 INFO               [main]                         be.pxl.microservices.api.controller.ReviewController - Approving post with id: 1
2024-12-21T17:03:13.792+0100 INFO               [main]                         be.pxl.microservices.api.controller.ReviewController - Rejecting post with id: 1
2024-12-21T17:03:13.855+0100 INFO               [main]                         be.pxl.microservices.api.controller.ReviewController - Fetching remarks for post with id: 1
2024-12-21T17:07:19.097+0100 INFO               [main]                         be.pxl.microservices.api.controller.RemarkTests - Starting RemarkTests using Java 22.0.1 with PID 3968 (started by ronee in C:\JavaProjects\School\Project\project-RonEerdekensPXL\backend-java\microservices\review-service)
2024-12-21T17:07:19.098+0100 DEBUG              [main]                         be.pxl.microservices.api.controller.RemarkTests - Running with Spring Boot v3.3.4, Spring v6.1.13
2024-12-21T17:07:19.099+0100 INFO               [main]                         be.pxl.microservices.api.controller.RemarkTests - No active profile set, falling back to 1 default profile: "default"
2024-12-21T17:07:25.410+0100 INFO               [main]                         be.pxl.microservices.api.controller.RemarkTests - Started RemarkTests in 7.092 seconds (process running for 19.629)
2024-12-21T17:07:25.497+0100 INFO               [main]                         be.pxl.microservices.api.controller.ReviewController - Rejecting post with id: 1
2024-12-21T17:07:25.769+0100 INFO               [main]                         be.pxl.microservices.api.controller.ReviewController - Fetching all review posts
2024-12-21T17:07:25.873+0100 INFO               [main]                         be.pxl.microservices.api.controller.ReviewController - Approving post with id: 1
2024-12-21T17:07:26.089+0100 INFO               [main]                         be.pxl.microservices.api.controller.ReviewController - Rejecting post with id: 1
2024-12-21T17:07:26.147+0100 INFO               [main]                         be.pxl.microservices.api.controller.ReviewController - Fetching remarks for post with id: 1
2024-12-21T17:11:55.751+0100 INFO               [main]                         be.pxl.microservices.api.controller.RemarkTests - Starting RemarkTests using Java 22.0.1 with PID 27400 (started by ronee in C:\JavaProjects\School\Project\project-RonEerdekensPXL\backend-java\microservices\review-service)
2024-12-21T17:11:55.752+0100 DEBUG              [main]                         be.pxl.microservices.api.controller.RemarkTests - Running with Spring Boot v3.3.4, Spring v6.1.13
2024-12-21T17:11:55.753+0100 INFO               [main]                         be.pxl.microservices.api.controller.RemarkTests - No active profile set, falling back to 1 default profile: "default"
2024-12-21T17:12:02.157+0100 INFO               [main]                         be.pxl.microservices.api.controller.RemarkTests - Started RemarkTests in 7.209 seconds (process running for 20.78)
2024-12-21T17:12:02.260+0100 INFO               [main]                         be.pxl.microservices.api.controller.ReviewController - Rejecting post with id: 1
2024-12-21T17:12:02.512+0100 INFO               [main]                         be.pxl.microservices.api.controller.ReviewController - Fetching all review posts
2024-12-21T17:12:02.570+0100 INFO               [main]                         be.pxl.microservices.api.controller.ReviewController - Approving post with id: 1
2024-12-21T17:12:02.807+0100 INFO               [main]                         be.pxl.microservices.api.controller.ReviewController - Rejecting post with id: 1
2024-12-21T17:12:02.856+0100 INFO               [main]                         be.pxl.microservices.api.controller.ReviewController - Fetching remarks for post with id: 1
2024-12-21T17:46:32.305+0100 INFO               [main]                         be.pxl.microservices.services.ReviewServiceTests - Starting ReviewServiceTests using Java 22.0.1 with PID 23852 (started by ronee in C:\JavaProjects\School\Project\project-RonEerdekensPXL\backend-java\microservices\review-service)
2024-12-21T17:46:32.306+0100 DEBUG              [main]                         be.pxl.microservices.services.ReviewServiceTests - Running with Spring Boot v3.3.4, Spring v6.1.13
2024-12-21T17:46:32.306+0100 INFO               [main]                         be.pxl.microservices.services.ReviewServiceTests - No active profile set, falling back to 1 default profile: "default"
2024-12-21T17:46:37.703+0100 INFO               [main]                         be.pxl.microservices.services.ReviewServiceTests - Started ReviewServiceTests in 6.319 seconds (process running for 7.295)
2024-12-21T17:48:32.578+0100 INFO               [main]                         be.pxl.microservices.services.ReviewServiceTests - Starting ReviewServiceTests using Java 22.0.1 with PID 29072 (started by ronee in C:\JavaProjects\School\Project\project-RonEerdekensPXL\backend-java\microservices\review-service)
2024-12-21T17:48:32.579+0100 DEBUG              [main]                         be.pxl.microservices.services.ReviewServiceTests - Running with Spring Boot v3.3.4, Spring v6.1.13
2024-12-21T17:48:32.579+0100 INFO               [main]                         be.pxl.microservices.services.ReviewServiceTests - No active profile set, falling back to 1 default profile: "default"
2024-12-21T17:48:37.956+0100 INFO               [main]                         be.pxl.microservices.services.ReviewServiceTests - Started ReviewServiceTests in 6.285 seconds (process running for 7.231)
2024-12-21T17:50:46.135+0100 INFO               [main]                         be.pxl.microservices.services.ReviewServiceTests - Starting ReviewServiceTests using Java 22.0.1 with PID 8704 (started by ronee in C:\JavaProjects\School\Project\project-RonEerdekensPXL\backend-java\microservices\review-service)
2024-12-21T17:50:46.136+0100 DEBUG              [main]                         be.pxl.microservices.services.ReviewServiceTests - Running with Spring Boot v3.3.4, Spring v6.1.13
2024-12-21T17:50:46.137+0100 INFO               [main]                         be.pxl.microservices.services.ReviewServiceTests - No active profile set, falling back to 1 default profile: "default"
2024-12-21T17:50:51.479+0100 INFO               [main]                         be.pxl.microservices.services.ReviewServiceTests - Started ReviewServiceTests in 6.225 seconds (process running for 7.278)
2024-12-21T17:51:49.427+0100 INFO               [main]                         be.pxl.microservices.services.ReviewServiceTests - Starting ReviewServiceTests using Java 22.0.1 with PID 20328 (started by ronee in C:\JavaProjects\School\Project\project-RonEerdekensPXL\backend-java\microservices\review-service)
2024-12-21T17:51:49.428+0100 DEBUG              [main]                         be.pxl.microservices.services.ReviewServiceTests - Running with Spring Boot v3.3.4, Spring v6.1.13
2024-12-21T17:51:49.429+0100 INFO               [main]                         be.pxl.microservices.services.ReviewServiceTests - No active profile set, falling back to 1 default profile: "default"
2024-12-21T17:51:57.416+0100 INFO               [main]                         be.pxl.microservices.services.ReviewServiceTests - Starting ReviewServiceTests using Java 22.0.1 with PID 27660 (started by ronee in C:\JavaProjects\School\Project\project-RonEerdekensPXL\backend-java\microservices\review-service)
2024-12-21T17:51:57.417+0100 DEBUG              [main]                         be.pxl.microservices.services.ReviewServiceTests - Running with Spring Boot v3.3.4, Spring v6.1.13
2024-12-21T17:51:57.418+0100 INFO               [main]                         be.pxl.microservices.services.ReviewServiceTests - No active profile set, falling back to 1 default profile: "default"
2024-12-21T17:56:26.114+0100 INFO               [main]                         be.pxl.microservices.services.ReviewServiceTests - Starting ReviewServiceTests using Java 22.0.1 with PID 8468 (started by ronee in C:\JavaProjects\School\Project\project-RonEerdekensPXL\backend-java\microservices\review-service)
2024-12-21T17:56:26.115+0100 DEBUG              [main]                         be.pxl.microservices.services.ReviewServiceTests - Running with Spring Boot v3.3.4, Spring v6.1.13
2024-12-21T17:56:26.116+0100 INFO               [main]                         be.pxl.microservices.services.ReviewServiceTests - No active profile set, falling back to 1 default profile: "default"
2024-12-21T17:56:31.565+0100 INFO               [main]                         be.pxl.microservices.services.ReviewServiceTests - Started ReviewServiceTests in 6.392 seconds (process running for 7.426)
2024-12-21T17:58:07.975+0100 INFO               [main]                         be.pxl.microservices.services.ReviewServiceTests - Starting ReviewServiceTests using Java 22.0.1 with PID 23056 (started by ronee in C:\JavaProjects\School\Project\project-RonEerdekensPXL\backend-java\microservices\review-service)
2024-12-21T17:58:07.976+0100 DEBUG              [main]                         be.pxl.microservices.services.ReviewServiceTests - Running with Spring Boot v3.3.4, Spring v6.1.13
2024-12-21T17:58:07.977+0100 INFO               [main]                         be.pxl.microservices.services.ReviewServiceTests - No active profile set, falling back to 1 default profile: "default"
2024-12-21T17:58:13.495+0100 INFO               [main]                         be.pxl.microservices.services.ReviewServiceTests - Started ReviewServiceTests in 6.404 seconds (process running for 7.428)
2024-12-21T18:09:48.256+0100 INFO               [main]                         be.pxl.microservices.services.ReviewServiceTests - Starting ReviewServiceTests using Java 22.0.1 with PID 27984 (started by ronee in C:\JavaProjects\School\Project\project-RonEerdekensPXL\backend-java\microservices\review-service)
2024-12-21T18:09:48.257+0100 DEBUG              [main]                         be.pxl.microservices.services.ReviewServiceTests - Running with Spring Boot v3.3.4, Spring v6.1.13
2024-12-21T18:09:48.258+0100 INFO               [main]                         be.pxl.microservices.services.ReviewServiceTests - No active profile set, falling back to 1 default profile: "default"
2024-12-21T18:09:53.591+0100 INFO               [main]                         be.pxl.microservices.services.ReviewServiceTests - Started ReviewServiceTests in 6.199 seconds (process running for 7.183)
2024-12-21T18:14:52.772+0100 INFO               [main]                         be.pxl.microservices.services.ReviewServiceTests - Starting ReviewServiceTests using Java 22.0.1 with PID 26980 (started by ronee in C:\JavaProjects\School\Project\project-RonEerdekensPXL\backend-java\microservices\review-service)
2024-12-21T18:14:52.773+0100 DEBUG              [main]                         be.pxl.microservices.services.ReviewServiceTests - Running with Spring Boot v3.3.4, Spring v6.1.13
2024-12-21T18:14:52.773+0100 INFO               [main]                         be.pxl.microservices.services.ReviewServiceTests - No active profile set, falling back to 1 default profile: "default"
2024-12-21T18:14:59.547+0100 INFO               [main]                         be.pxl.microservices.services.ReviewServiceTests - Started ReviewServiceTests in 7.685 seconds (process running for 8.629)
2024-12-21T18:59:04.387+0100 INFO               [main]                         be.pxl.microservices.api.controller.RemarkTests - Starting RemarkTests using Java 22.0.1 with PID 20300 (started by ronee in C:\JavaProjects\School\Project\project-RonEerdekensPXL\backend-java\microservices\review-service)
2024-12-21T18:59:04.389+0100 DEBUG              [main]                         be.pxl.microservices.api.controller.RemarkTests - Running with Spring Boot v3.3.4, Spring v6.1.13
2024-12-21T18:59:04.389+0100 INFO               [main]                         be.pxl.microservices.api.controller.RemarkTests - No active profile set, falling back to 1 default profile: "default"
2024-12-21T18:59:10.907+0100 INFO               [main]                         be.pxl.microservices.api.controller.RemarkTests - Started RemarkTests in 7.39 seconds (process running for 21.558)
2024-12-21T18:59:11.022+0100 INFO               [main]                         be.pxl.microservices.api.controller.ReviewController - Rejecting post with id: 1
2024-12-21T18:59:11.280+0100 INFO               [main]                         be.pxl.microservices.api.controller.ReviewController - Fetching all review posts
2024-12-21T18:59:11.378+0100 INFO               [main]                         be.pxl.microservices.api.controller.ReviewController - Approving post with id: 1
2024-12-21T18:59:11.595+0100 INFO               [main]                         be.pxl.microservices.api.controller.ReviewController - Rejecting post with id: 1
2024-12-21T18:59:11.654+0100 INFO               [main]                         be.pxl.microservices.api.controller.ReviewController - Fetching remarks for post with id: 1
2024-12-21T22:57:42.538+0100 INFO               [main]                         be.pxl.microservices.api.controller.RemarkTests - Starting RemarkTests using Java 22.0.1 with PID 20296 (started by ronee in C:\JavaProjects\School\Project\project-RonEerdekensPXL\backend-java\microservices\review-service)
2024-12-21T22:57:42.539+0100 DEBUG              [main]                         be.pxl.microservices.api.controller.RemarkTests - Running with Spring Boot v3.3.4, Spring v6.1.13
2024-12-21T22:57:42.540+0100 INFO               [main]                         be.pxl.microservices.api.controller.RemarkTests - No active profile set, falling back to 1 default profile: "default"
2024-12-21T22:57:48.795+0100 INFO               [main]                         be.pxl.microservices.api.controller.RemarkTests - Started RemarkTests in 7.035 seconds (process running for 19.527)
2024-12-21T22:57:48.888+0100 INFO               [main]                         be.pxl.microservices.api.controller.ReviewController - Rejecting post with id: 1
2024-12-21T22:57:49.122+0100 INFO               [main]                         be.pxl.microservices.api.controller.ReviewController - Fetching all review posts
2024-12-21T22:57:49.192+0100 INFO               [main]                         be.pxl.microservices.api.controller.ReviewController - Approving post with id: 1
2024-12-21T22:57:49.439+0100 INFO               [main]                         be.pxl.microservices.api.controller.ReviewController - Rejecting post with id: 1
2024-12-21T22:57:49.502+0100 INFO               [main]                         be.pxl.microservices.api.controller.ReviewController - Fetching remarks for post with id: 1
